"../../../../../repo/unreal/unrealprojects/parkourAsses/Content/FirstPerson/Character/Mesh/SK_Mannequin_Arms_Skeleton.uasset" 0
"../../../../../repo/unreal/unrealprojects/parkourAsses/Content/FirstPerson/Animations/FirstPerson_Idle.uasset" 1
"../../../../../repo/unreal/unrealprojects/parkourAsses/Content/FirstPerson/Animations/FirstPerson_JumpEnd.uasset" 2
"../../../../../repo/unreal/unrealprojects/parkourAsses/Content/FirstPerson/Animations/FirstPerson_JumpLoop.uasset" 3
"../../../../../repo/unreal/unrealprojects/parkourAsses/Content/FirstPerson/Animations/FirstPerson_JumpStart.uasset" 4
"../../../../../repo/unreal/unrealprojects/parkourAsses/Content/FirstPerson/Animations/FirstPerson_Run.uasset" 5
"../../../Engine/Content/EditorBlueprintResources/StandardMacros.uasset" 6
"../../../../../repo/unreal/unrealprojects/parkourAsses/Content/FirstPerson/Animations/FirstPerson_AnimBP.uasset" 7
"../../../../../repo/unreal/unrealprojects/parkourAsses/Content/FirstPerson/Animations/FirstPerson_Fire.uasset" 8
"../../../../../repo/unreal/unrealprojects/parkourAsses/Content/FirstPerson/Animations/FirstPersonFire_Montage.uasset" 9
"../../../../../repo/unreal/unrealprojects/parkourAsses/Content/FirstPerson/Meshes/BaseMaterial.uasset" 10
"../../../../../repo/unreal/unrealprojects/parkourAsses/Content/FirstPerson/Meshes/FirstPersonProjectileMaterial.uasset" 11
"../../../../../repo/unreal/unrealprojects/parkourAsses/Content/FirstPerson/Meshes/FirstPersonProjectileMesh.uasset" 12
"../../../../../repo/unreal/unrealprojects/parkourAsses/Content/FirstPersonBP/Blueprints/FirstPersonProjectile.uasset" 13
"../../../../../repo/unreal/unrealprojects/parkourAsses/Content/FirstPerson/Audio/FirstPersonTemplateWeaponFire02.uasset" 14
"../../../Engine/Content/Functions/Engine_MaterialFunctions02/Utility/BlendAngleCorrectedNormals.uasset" 15
"../../../Engine/Content/Functions/MaterialLayerFunctions/MatLayerBlend_NormalBlend.uasset" 16
"../../../Engine/Content/Functions/MaterialLayerFunctions/MatLayerBlend_Simple.uasset" 17
"../../../../../repo/unreal/unrealprojects/parkourAsses/Content/FirstPerson/Character/Materials/MaterialLayers/T_ML_Rubber_Blue_01_D.uasset" 18
"../../../../../repo/unreal/unrealprojects/parkourAsses/Content/FirstPerson/Character/Materials/MaterialLayers/T_ML_Rubber_Blue_01_N.uasset" 19
"../../../../../repo/unreal/unrealprojects/parkourAsses/Content/FirstPerson/Character/Materials/MaterialLayers/ML_GlossyBlack_Latex_UE4.uasset" 20
"../../../../../repo/unreal/unrealprojects/parkourAsses/Content/FirstPerson/Character/Materials/MaterialLayers/ML_Plastic_Shiny_Beige.uasset" 21
"../../../../../repo/unreal/unrealprojects/parkourAsses/Content/FirstPerson/Character/Textures/UE4_LOGO_CARD.uasset" 22
"../../../../../repo/unreal/unrealprojects/parkourAsses/Content/FirstPerson/Character/Materials/MaterialLayers/ML_Plastic_Shiny_Beige_LOGO.uasset" 23
"../../../../../repo/unreal/unrealprojects/parkourAsses/Content/FirstPerson/Character/Materials/MaterialLayers/T_ML_Aluminum01.uasset" 24
"../../../../../repo/unreal/unrealprojects/parkourAsses/Content/FirstPerson/Character/Materials/MaterialLayers/T_ML_Aluminum01_N.uasset" 25
"../../../../../repo/unreal/unrealprojects/parkourAsses/Content/FirstPerson/Character/Materials/MaterialLayers/ML_SoftMetal_UE4.uasset" 26
"../../../../../repo/unreal/unrealprojects/parkourAsses/Content/FirstPerson/Character/Textures/UE4_Mannequin__normals.uasset" 27
"../../../../../repo/unreal/unrealprojects/parkourAsses/Content/FirstPerson/Character/Textures/UE4_Mannequin_MAT_MASKA.uasset" 28
"../../../../../repo/unreal/unrealprojects/parkourAsses/Content/FirstPerson/Character/Materials/M_UE4Man_Body.uasset" 29
"../../../../../repo/unreal/unrealprojects/parkourAsses/Content/FirstPerson/Character/Mesh/SK_Mannequin_Arms_PhysicsAsset.uasset" 30
"../../../../../repo/unreal/unrealprojects/parkourAsses/Content/FirstPerson/Character/Mesh/SK_Mannequin_Arms.uasset" 31
"../../../../../repo/unreal/unrealprojects/parkourAsses/Content/FirstPerson/FPWeapon/Materials/MaterialLayers/T_ML_Rubber_Blue_01_D.uasset" 32
"../../../../../repo/unreal/unrealprojects/parkourAsses/Content/FirstPerson/FPWeapon/Materials/MaterialLayers/T_ML_Rubber_Blue_01_N.uasset" 33
"../../../../../repo/unreal/unrealprojects/parkourAsses/Content/FirstPerson/FPWeapon/Materials/MaterialLayers/ML_GlossyBlack_Latex_UE4.uasset" 34
"../../../../../repo/unreal/unrealprojects/parkourAsses/Content/FirstPerson/FPWeapon/Materials/MaterialLayers/ML_Plastic_Shiny_Beige.uasset" 35
"../../../../../repo/unreal/unrealprojects/parkourAsses/Content/FirstPerson/FPWeapon/Materials/MaterialLayers/ML_Screen.uasset" 36
"../../../../../repo/unreal/unrealprojects/parkourAsses/Content/FirstPerson/FPWeapon/Materials/MaterialLayers/T_ML_Aluminum01.uasset" 37
"../../../../../repo/unreal/unrealprojects/parkourAsses/Content/FirstPerson/FPWeapon/Materials/MaterialLayers/T_ML_Aluminum01_N.uasset" 38
"../../../../../repo/unreal/unrealprojects/parkourAsses/Content/FirstPerson/FPWeapon/Materials/MaterialLayers/ML_SoftMetal_UE4.uasset" 39
"../../../../../repo/unreal/unrealprojects/parkourAsses/Content/FirstPerson/FPWeapon/Textures/T_FPGun_M.uasset" 40
"../../../../../repo/unreal/unrealprojects/parkourAsses/Content/FirstPerson/FPWeapon/Textures/T_FPGun_N.uasset" 41
"../../../../../repo/unreal/unrealprojects/parkourAsses/Content/FirstPerson/FPWeapon/Materials/M_FPGun.uasset" 42
"../../../../../repo/unreal/unrealprojects/parkourAsses/Content/FirstPerson/FPWeapon/Mesh/SK_FPGun_Skeleton.uasset" 43
"../../../../../repo/unreal/unrealprojects/parkourAsses/Content/FirstPerson/FPWeapon/Mesh/SK_FPGun.uasset" 44
"../../../../../repo/unreal/unrealprojects/parkourAsses/Content/FirstPersonBP/Blueprints/FirstPersonCharacter.uasset" 45
"../../../../../repo/unreal/unrealprojects/parkourAsses/Content/blueprints/coffinbox.uasset" 46
"../../../../../repo/unreal/unrealprojects/parkourAsses/Content/coffinbox.uasset" 47
"../../../Engine/Content/BasicShapes/BasicShapeMaterial.uasset" 48
"../../../../../repo/unreal/unrealprojects/parkourAsses/Content/StarterContent/Materials/M_AssetPlatform.uasset" 49
"../../../../../repo/unreal/unrealprojects/parkourAsses/Content/StarterContent/Materials/M_Basic_Floor.uasset" 50
"../../../../../repo/unreal/unrealprojects/parkourAsses/Content/StarterContent/Materials/M_Glass.uasset" 51
"../../../Engine/Content/Functions/Engine_MaterialFunctions01/Opacity/CameraDepthFade.uasset" 52
"../../../Engine/Content/EngineMaterials/T_Default_Material_Grid_M.uasset" 53
"../../../Engine/Content/EngineMaterials/T_Default_Material_Grid_N.uasset" 54
"../../../Engine/Content/EngineMaterials/WorldGridMaterial.uasset" 55
"../../../Engine/Content/BasicShapes/Cube.uasset" 56
"../../../../../repo/unreal/unrealprojects/parkourAsses/Content/blueprints/deco/microwave.uasset" 57
"../../../../../repo/unreal/unrealprojects/parkourAsses/Content/microwave.uasset" 58
"../../../../../repo/unreal/unrealprojects/parkourAsses/Content/StarterContent/Textures/T_MacroVariation.uasset" 59
"../../../../../repo/unreal/unrealprojects/parkourAsses/Content/StarterContent/Textures/T_Perlin_Noise_M.uasset" 60
"../../../../../repo/unreal/unrealprojects/parkourAsses/Content/StarterContent/Textures/T_Wood_Pine_D.uasset" 61
"../../../../../repo/unreal/unrealprojects/parkourAsses/Content/StarterContent/Textures/T_Wood_Pine_N.uasset" 62
"../../../../../repo/unreal/unrealprojects/parkourAsses/Content/StarterContent/Materials/M_Wood_Pine.uasset" 63
"../../../Engine/Content/EngineMaterials/DefaultMaterial.uasset" 64
"../../../Engine/Content/BasicShapes/Cylinder.uasset" 65
"../../../../../repo/unreal/unrealprojects/parkourAsses/Content/blueprints/sign.uasset" 66
"../../../../../repo/unreal/unrealprojects/parkourAsses/Content/sign.uasset" 67
"../../../../../repo/unreal/unrealprojects/parkourAsses/Content/thumbnail.uasset" 68
"../../../../../repo/unreal/unrealprojects/parkourAsses/Content/StarterContent/Textures/T_Wood_Floor_Walnut_D.uasset" 69
"../../../../../repo/unreal/unrealprojects/parkourAsses/Content/StarterContent/Textures/T_Wood_Floor_Walnut_M.uasset" 70
"../../../../../repo/unreal/unrealprojects/parkourAsses/Content/StarterContent/Textures/T_Wood_Floor_Walnut_N.uasset" 71
"../../../../../repo/unreal/unrealprojects/parkourAsses/Content/StarterContent/Materials/M_Wood_Floor_Walnut_Polished.uasset" 72
"../../../../../repo/unreal/unrealprojects/parkourAsses/Content/StarterContent/Architecture/Floor_400x400.uasset" 73
"../../../../../repo/unreal/unrealprojects/parkourAsses/Content/StarterContent/Materials/M_Basic_Wall.uasset" 74
"../../../../../repo/unreal/unrealprojects/parkourAsses/Content/StarterContent/Architecture/Wall_400x300.uasset" 75
"../../../../../repo/unreal/unrealprojects/parkourAsses/Content/StarterContent/Architecture/Wall_500x500.uasset" 76
"../../../../../repo/unreal/unrealprojects/parkourAsses/Content/StarterContent/Architecture/Wall_Door_400x300.uasset" 77
"../../../../../repo/unreal/unrealprojects/parkourAsses/Content/blueprints/levelspecific/2_ele_tele.uasset" 78
"../../../../../repo/unreal/unrealprojects/parkourAsses/Content/blueprints/2_ele_tele.uasset" 79
"../../../../../repo/unreal/unrealprojects/parkourAsses/Content/StarterContent/Architecture/Wall_400x400.uasset" 80
"../../../../../repo/unreal/unrealprojects/parkourAsses/Content/blueprints/elevators/inportal.uasset" 81
"../../../../../repo/unreal/unrealprojects/parkourAsses/Content/blueprints/elevators/elevator.uasset" 82
"../../../../../repo/unreal/unrealprojects/parkourAsses/Content/blueprints/elevators/elevator_C.uasset" 83
"../../../../../repo/unreal/unrealprojects/parkourAsses/Content/blueprints/elevatortest/elevator.uasset" 84
"../../../../../repo/unreal/unrealprojects/parkourAsses/Content/Geometry/Meshes/CubeMaterial.uasset" 85
"../../../../../repo/unreal/unrealprojects/parkourAsses/Content/Geometry/Meshes/1M_Cube.uasset" 86
"../../../../../repo/unreal/unrealprojects/parkourAsses/Content/Geometry/Meshes/1M_Cube_DM.uasset" 87
"../../../../../repo/unreal/unrealprojects/parkourAsses/Content/blueprints/levelspecific/2_broken_ele.uasset" 88
"../../../../../repo/unreal/unrealprojects/parkourAsses/Content/blueprints/levelspecific/tutorial_dissapearreappear.uasset" 89
"../../../Engine/Content/BasicShapes/Plane.uasset" 90
"../../../../../repo/unreal/unrealprojects/parkourAsses/Content/blueprints/traps/target.uasset" 91
"../../../../../repo/unreal/unrealprojects/parkourAsses/Content/FirstPerson/Character/Mesh/FirstPersonAnimBlueprint_Copy.uasset" 92
"../../../../../repo/unreal/unrealprojects/parkourAsses/Content/FirstPerson/FPWeapon/Materials/MaterialLayers/ML_Plastic_Shiny_Beige_LOGO.uasset" 93
"../../../../../repo/unreal/unrealprojects/parkourAsses/Content/FirstPerson/FPWeapon/Materials/MaterialLayers/T_ML_FineRubber.uasset" 94
"../../../../../repo/unreal/unrealprojects/parkourAsses/Content/FirstPerson/FPWeapon/Mesh/SK_FPGun_PhysicsAsset.uasset" 95
"../../../../../repo/unreal/unrealprojects/parkourAsses/Content/FirstPerson/Meshes/CubeMaterialOverride.uasset" 96
"../../../../../repo/unreal/unrealprojects/parkourAsses/Content/FirstPersonBP/FirstPersonOverview.uasset" 97
"../../../../../repo/unreal/unrealprojects/parkourAsses/Content/FirstPersonBP/Maps/elevatortwo.uasset" 98
"../../../../../repo/unreal/unrealprojects/parkourAsses/Content/FirstPersonBP/Maps/level2_BuiltData.uasset" 99
"../../../../../repo/unreal/unrealprojects/parkourAsses/Content/FirstPersonBP/Maps/elevatortwo_BuiltData.uasset" 100
"../../../../../repo/unreal/unrealprojects/parkourAsses/Content/Geometry/Meshes/1M_Cube_Chamfer.uasset" 101
"../../../../../repo/unreal/unrealprojects/parkourAsses/Content/Geometry/Meshes/TemplateFloor.uasset" 102
"../../../../../repo/unreal/unrealprojects/parkourAsses/Content/StarterContent/Architecture/Pillar_50x500.uasset" 103
"../../../../../repo/unreal/unrealprojects/parkourAsses/Content/StarterContent/Architecture/Wall_Window_400x400.uasset" 104
"../../../../../repo/unreal/unrealprojects/parkourAsses/Content/StarterContent/Audio/Collapse01.uasset" 105
"../../../../../repo/unreal/unrealprojects/parkourAsses/Content/StarterContent/Audio/Collapse02.uasset" 106
"../../../../../repo/unreal/unrealprojects/parkourAsses/Content/StarterContent/Audio/Explosion01.uasset" 107
"../../../../../repo/unreal/unrealprojects/parkourAsses/Content/StarterContent/Audio/Explosion02.uasset" 108
"../../../../../repo/unreal/unrealprojects/parkourAsses/Content/StarterContent/Audio/Fire01.uasset" 109
"../../../../../repo/unreal/unrealprojects/parkourAsses/Content/StarterContent/Audio/Fire_Sparks01.uasset" 110
"../../../../../repo/unreal/unrealprojects/parkourAsses/Content/StarterContent/Audio/Light01.uasset" 111
"../../../../../repo/unreal/unrealprojects/parkourAsses/Content/StarterContent/Audio/Light01_Cue.uasset" 112
"../../../../../repo/unreal/unrealprojects/parkourAsses/Content/StarterContent/Audio/Light02.uasset" 113
"../../../../../repo/unreal/unrealprojects/parkourAsses/Content/StarterContent/Audio/Light02_Cue.uasset" 114
"../../../../../repo/unreal/unrealprojects/parkourAsses/Content/StarterContent/Audio/Smoke01.uasset" 115
"../../../../../repo/unreal/unrealprojects/parkourAsses/Content/StarterContent/Audio/Starter_Birds01.uasset" 116
"../../../../../repo/unreal/unrealprojects/parkourAsses/Content/StarterContent/Audio/Starter_Music01.uasset" 117
"../../../../../repo/unreal/unrealprojects/parkourAsses/Content/StarterContent/Audio/Starter_Wind05.uasset" 118
"../../../../../repo/unreal/unrealprojects/parkourAsses/Content/StarterContent/Audio/Starter_Wind06.uasset" 119
"../../../../../repo/unreal/unrealprojects/parkourAsses/Content/StarterContent/Audio/Steam01.uasset" 120
"../../../../../repo/unreal/unrealprojects/parkourAsses/Content/StarterContent/Audio/Explosion_Cue.uasset" 121
"../../../../../repo/unreal/unrealprojects/parkourAsses/Content/StarterContent/Textures/T_Burst_M.uasset" 122
"../../../../../repo/unreal/unrealprojects/parkourAsses/Content/StarterContent/Particles/Materials/M_Burst.uasset" 123
"../../../../../repo/unreal/unrealprojects/parkourAsses/Content/StarterContent/Textures/T_Explosion_SubUV.uasset" 124
"../../../../../repo/unreal/unrealprojects/parkourAsses/Content/StarterContent/Particles/Materials/M_explosion_subUV.uasset" 125
"../../../../../repo/unreal/unrealprojects/parkourAsses/Content/StarterContent/Particles/Materials/m_flare_01.uasset" 126
"../../../Engine/Content/Functions/Engine_MaterialFunctions01/Gradient/RadialGradient.uasset" 127
"../../../../../repo/unreal/unrealprojects/parkourAsses/Content/StarterContent/Particles/Materials/M_radial_ramp.uasset" 128
"../../../../../repo/unreal/unrealprojects/parkourAsses/Content/StarterContent/Textures/T_Smoke_SubUV.uasset" 129
"../../../../../repo/unreal/unrealprojects/parkourAsses/Content/StarterContent/Textures/T_Smoke_Tiled_D.uasset" 130
"../../../../../repo/unreal/unrealprojects/parkourAsses/Content/StarterContent/Particles/Materials/M_smoke_subUV.uasset" 131
"../../../../../repo/unreal/unrealprojects/parkourAsses/Content/StarterContent/Particles/P_Explosion.uasset" 132
"../../../../../repo/unreal/unrealprojects/parkourAsses/Content/StarterContent/Blueprints/Blueprint_Effect_Explosion.uasset" 133
"../../../Engine/Content/EditorMeshes/ColorCalibrator/T_ColorGrid.uasset" 134
"../../../../../repo/unreal/unrealprojects/parkourAsses/Content/StarterContent/Materials/M_ColorGrid_LowSpec.uasset" 135
"../../../../../repo/unreal/unrealprojects/parkourAsses/Content/StarterContent/Textures/T_Bush_D.uasset" 136
"../../../../../repo/unreal/unrealprojects/parkourAsses/Content/StarterContent/Textures/T_Bush_N.uasset" 137
"../../../../../repo/unreal/unrealprojects/parkourAsses/Content/StarterContent/Props/Materials/M_Bush.uasset" 138
"../../../../../repo/unreal/unrealprojects/parkourAsses/Content/StarterContent/Props/SM_Bush.uasset" 139
"../../../../../repo/unreal/unrealprojects/parkourAsses/Content/StarterContent/Textures/T_Chair_M.uasset" 140
"../../../../../repo/unreal/unrealprojects/parkourAsses/Content/StarterContent/Textures/T_Chair_N.uasset" 141
"../../../../../repo/unreal/unrealprojects/parkourAsses/Content/StarterContent/Props/Materials/M_Chair.uasset" 142
"../../../../../repo/unreal/unrealprojects/parkourAsses/Content/StarterContent/Props/SM_Couch.uasset" 143
"../../../../../repo/unreal/unrealprojects/parkourAsses/Content/StarterContent/Textures/T_Door_M.uasset" 144
"../../../../../repo/unreal/unrealprojects/parkourAsses/Content/StarterContent/Textures/T_Door_N.uasset" 145
"../../../../../repo/unreal/unrealprojects/parkourAsses/Content/StarterContent/Props/Materials/M_Door.uasset" 146
"../../../../../repo/unreal/unrealprojects/parkourAsses/Content/StarterContent/Props/SM_Door.uasset" 147
"../../../../../repo/unreal/unrealprojects/parkourAsses/Content/StarterContent/Props/Materials/M_MaterialSphere.uasset" 148
"../../../../../repo/unreal/unrealprojects/parkourAsses/Content/StarterContent/Props/Materials/M_MaterialSphere_Plain.uasset" 149
"../../../../../repo/unreal/unrealprojects/parkourAsses/Content/StarterContent/Props/SM_MatPreviewMesh_02.uasset" 150
"../../../../../repo/unreal/unrealprojects/parkourAsses/Content/StarterContent/Textures/T_Detail_Rocky_N.uasset" 151
"../../../../../repo/unreal/unrealprojects/parkourAsses/Content/StarterContent/Textures/T_Rock_Basalt_D.uasset" 152
"../../../../../repo/unreal/unrealprojects/parkourAsses/Content/StarterContent/Textures/T_RockMesh_M.uasset" 153
"../../../../../repo/unreal/unrealprojects/parkourAsses/Content/StarterContent/Textures/T_RockMesh_N.uasset" 154
"../../../../../repo/unreal/unrealprojects/parkourAsses/Content/StarterContent/Props/Materials/M_Rock.uasset" 155
"../../../../../repo/unreal/unrealprojects/parkourAsses/Content/StarterContent/Props/SM_Rock.uasset" 156
"../../../../../repo/unreal/unrealprojects/parkourAsses/Content/StarterContent/Textures/T_Shelf_M.uasset" 157
"../../../../../repo/unreal/unrealprojects/parkourAsses/Content/StarterContent/Textures/T_Shelf_N.uasset" 158
"../../../../../repo/unreal/unrealprojects/parkourAsses/Content/StarterContent/Props/Materials/M_Shelf.uasset" 159
"../../../../../repo/unreal/unrealprojects/parkourAsses/Content/StarterContent/Props/SM_Shelf.uasset" 160
"../../../../../repo/unreal/unrealprojects/parkourAsses/Content/StarterContent/Props/SM_Stairs.uasset" 161
"../../../../../repo/unreal/unrealprojects/parkourAsses/Content/StarterContent/Shapes/Shape_Cone.uasset" 162
"../../../../../repo/unreal/unrealprojects/parkourAsses/Content/StarterContent/Shapes/Shape_Cylinder.uasset" 163
"../../../../../repo/unreal/unrealprojects/parkourAsses/Content/StarterContent/Shapes/Shape_NarrowCapsule.uasset" 164
"../../../../../repo/unreal/unrealprojects/parkourAsses/Content/StarterContent/Shapes/Shape_Pipe.uasset" 165
"../../../../../repo/unreal/unrealprojects/parkourAsses/Content/StarterContent/Shapes/Shape_Pipe_180.uasset" 166
"../../../../../repo/unreal/unrealprojects/parkourAsses/Content/StarterContent/Shapes/Shape_Pipe_90.uasset" 167
"../../../../../repo/unreal/unrealprojects/parkourAsses/Content/StarterContent/Shapes/Shape_Plane.uasset" 168
"../../../../../repo/unreal/unrealprojects/parkourAsses/Content/StarterContent/Shapes/Shape_Torus.uasset" 169
"../../../../../repo/unreal/unrealprojects/parkourAsses/Content/StarterContent/Shapes/Shape_Trim.uasset" 170
"../../../../../repo/unreal/unrealprojects/parkourAsses/Content/StarterContent/Shapes/Shape_Trim_90_In.uasset" 171
"../../../../../repo/unreal/unrealprojects/parkourAsses/Content/StarterContent/Shapes/Shape_Trim_90_Out.uasset" 172
"../../../../../repo/unreal/unrealprojects/parkourAsses/Content/StarterContent/Shapes/Shape_TriPyramid.uasset" 173
"../../../../../repo/unreal/unrealprojects/parkourAsses/Content/StarterContent/Shapes/Shape_Tube.uasset" 174
"../../../../../repo/unreal/unrealprojects/parkourAsses/Content/StarterContent/Shapes/Shape_Wedge_A.uasset" 175
"../../../../../repo/unreal/unrealprojects/parkourAsses/Content/StarterContent/Shapes/Shape_Wedge_B.uasset" 176
"../../../../../repo/unreal/unrealprojects/parkourAsses/Content/StarterContent/Shapes/Shape_WideCapsule.uasset" 177
"../../../Engine/Content/Animation/DefaultAnimCurveCompressionSettings.uasset" 178
"../../../Engine/Content/ArtTools/RenderToTexture/Meshes/S_1_Unit_Plane.uasset" 179
"../../../Engine/Content/EditorLandscapeResources/DataLayer.uasset" 180
"../../../Engine/Content/EditorMaterials/GizmoMaterial.uasset" 181
"../../../Engine/Content/EditorMaterials/MAT_Groups_Toggle.uasset" 182
"../../../Engine/Content/EditorMaterials/MAT_Groups_Visibility.uasset" 183
"../../../Engine/Content/EditorMaterials/PreviewShadowIndicator.uasset" 184
"../../../Engine/Content/EditorMaterials/PreviewShadowIndicatorMaterial.uasset" 185
"../../../Engine/Content/EditorMaterials/MatineeGroups/MAT_ColorTrack.uasset" 186
"../../../Engine/Content/EditorMaterials/MatineeGroups/MAT_Groups_Anim.uasset" 187
"../../../Engine/Content/EditorMaterials/MatineeGroups/MAT_Groups_AudioMaster.uasset" 188
"../../../Engine/Content/EditorMaterials/MatineeGroups/MAT_Groups_Director.uasset" 189
"../../../Engine/Content/EditorMaterials/MatineeGroups/MAT_Groups_Event.uasset" 190
"../../../Engine/Content/EditorMaterials/MatineeGroups/MAT_Groups_Fade.uasset" 191
"../../../Engine/Content/EditorMaterials/MatineeGroups/MAT_Groups_Float.uasset" 192
"../../../Engine/Content/EditorMaterials/MatineeGroups/MAT_Groups_Move.uasset" 193
"../../../Engine/Content/EditorMaterials/MatineeGroups/MAT_Groups_Slomo.uasset" 194
"../../../Engine/Content/EditorMaterials/MatineeGroups/MAT_Groups_Sound.uasset" 195
"../../../Engine/Content/EditorMaterials/MatineeGroups/MAT_Groups_Vector.uasset" 196
"../../../Engine/Content/EditorMaterials/ParticleSystems/PSysThumbnail_NoImage.uasset" 197
"../../../Engine/Content/EditorMaterials/ParticleSystems/PSysThumbnail_OOD.uasset" 198
"../../../Engine/Content/EditorMaterials/Camera/CineMat.uasset" 199
"../../../Engine/Content/EditorMaterials/Camera/MI_CineMat_Rig.uasset" 200
"../../../Engine/Content/EditorMeshes/Camera/SM_CraneRig_Arm.uasset" 201
"../../../Engine/Content/EditorMeshes/Camera/SM_CraneRig_Base.uasset" 202
"../../../Engine/Content/EditorMeshes/Camera/SM_CraneRig_Body.uasset" 203
"../../../Engine/Content/EditorMeshes/Camera/SM_CraneRig_Mount.uasset" 204
"../../../Engine/Content/EditorMeshes/Camera/SM_RailRig_Mount.uasset" 205
"../../../Engine/Content/EditorMeshes/Camera/SM_RailRig_Track.uasset" 206
"../../../Engine/Content/EditorResources/BSPVertex.uasset" 207
"../../../Engine/Content/EditorResources/EmptyActor.uasset" 208
"../../../Engine/Content/EditorResources/S_Actor.uasset" 209
"../../../Engine/Content/EditorResources/S_Note.uasset" 210
"../../../Engine/Content/EditorResources/S_Trigger.uasset" 211
"../../../Engine/Content/EditorResources/AudioIcons/S_AudioComponent.uasset" 212
"../../../Engine/Content/EditorResources/AudioIcons/S_AudioComponent_AutoActivate.uasset" 213
"../../../Engine/Content/EditorResources/LightIcons/S_LightError.uasset" 214
"../../../Engine/Content/EditorResources/SequenceRecorder/Countdown.uasset" 215
"../../../Engine/Content/EditorResources/SequenceRecorder/RecordingIndicator.uasset" 216
"../../../Engine/Content/EditorSounds/Notifications/CompileFailed.uasset" 217
"../../../Engine/Content/EditorSounds/Notifications/CompileFailed_Cue.uasset" 218
"../../../Engine/Content/EditorSounds/Notifications/CompileSuccess.uasset" 219
"../../../Engine/Content/EditorSounds/Notifications/CompileStart_Cue.uasset" 220
"../../../Engine/Content/EditorSounds/Notifications/CompileSuccess_Cue.uasset" 221
"../../../Engine/Content/EngineDamageTypes/DmgTypeBP_Environmental.uasset" 222
"../../../Engine/Content/EngineDebugMaterials/HeatmapGradient.uasset" 223
"../../../Engine/Content/EngineDebugMaterials/BoneWeightMaterial.uasset" 224
"../../../Engine/Content/EngineDebugMaterials/ClothMaterial.uasset" 225
"../../../Engine/Content/EngineDebugMaterials/ClothMaterial_WF.uasset" 226
"../../../Engine/Content/EngineDebugMaterials/DebugEditorMaterial.uasset" 227
"../../../Engine/Content/EngineDebugMaterials/DebugMeshMaterial.uasset" 228
"../../../Engine/Content/EngineDebugMaterials/GeomMaterial.uasset" 229
"../../../Engine/Content/EngineDebugMaterials/M_SimpleTranslucent.uasset" 230
"../../../Engine/Content/EngineFonts/Faces/RobotoBold.uasset" 231
"../../../Engine/Content/EngineFonts/Faces/RobotoBoldItalic.uasset" 232
"../../../Engine/Content/EngineFonts/Faces/RobotoItalic.uasset" 233
"../../../Engine/Content/EngineFonts/Faces/RobotoLight.uasset" 234
"../../../Engine/Content/EngineFonts/Faces/RobotoRegular.uasset" 235
"../../../Engine/Content/EngineFonts/Roboto.uasset" 236
"../../../Engine/Content/EngineFonts/Faces/RobotoTiny.uasset" 237
"../../../Engine/Content/EngineFonts/RobotoTiny.uasset" 238
"../../../Engine/Content/EngineMaterials/BaseFlattenDiffuseMap.uasset" 239
"../../../Engine/Content/EngineMaterials/BaseFlattenEmissiveMap.uasset" 240
"../../../Engine/Content/EngineMaterials/BaseFlattenGrayscaleMap.uasset" 241
"../../../Engine/Content/EngineMaterials/BaseFlattenNormalMap.uasset" 242
"../../../Engine/Content/EngineMaterials/BaseFlattenMaterial.uasset" 243
"../../../Engine/Content/EngineMaterials/DefaultBloomKernel.uasset" 244
"../../../Engine/Content/EngineMaterials/DefaultBokeh.uasset" 245
"../../../Engine/Content/EngineMaterials/DefaultDiffuse.uasset" 246
"../../../Engine/Content/EngineMaterials/DefaultDeferredDecalMaterial.uasset" 247
"../../../Engine/Content/EngineMaterials/DefaultLightFunctionMaterial.uasset" 248
"../../../Engine/Content/EngineMaterials/DefaultPhysicalMaterial.uasset" 249
"../../../Engine/Content/Functions/Engine_MaterialFunctions02/Utility/BreakOutFloat2Components.uasset" 250
"../../../Engine/Content/EngineMaterials/DefaultPostProcessMaterial.uasset" 251
"../../../Engine/Content/EngineFonts/RobotoDistanceField.uasset" 252
"../../../Engine/Content/EngineMaterials/DefaultTextMaterialOpaque.uasset" 253
"../../../Engine/Content/EngineMaterials/DefaultWhiteGrid.uasset" 254
"../../../Engine/Content/EngineMaterials/EditorBrushMaterial.uasset" 255
"../../../Engine/Content/EngineMaterials/Good64x64TilingNoiseHighFreq.uasset" 256
"../../../Engine/Content/EngineMaterials/MiniFont.uasset" 257
"../../../Engine/Content/EngineMaterials/InvalidLightmapSettings.uasset" 258
"../../../Engine/Content/EngineMaterials/M_InvalidLightmapSettings.uasset" 259
"../../../Engine/Content/Functions/Engine_MaterialFunctions02/WorldPositionOffset/CameraOffset.uasset" 260
"../../../Engine/Content/EngineMaterials/PhAT_JointLimitMaterial.uasset" 261
"../../../Engine/Content/EngineMaterials/PreintegratedSkinBRDF.uasset" 262
"../../../Engine/Content/EngineMaterials/RemoveSurfaceMaterial.uasset" 263
"../../../Engine/Content/EngineMaterials/WeightMapPlaceholderTexture.uasset" 264
"../../../Engine/Content/EngineResources/WhiteSquareTexture.uasset" 265
"../../../Engine/Content/EngineMaterials/Widget3DPassThrough.uasset" 266
"../../../Engine/Content/EngineMaterials/Widget3DPassThrough_Masked.uasset" 267
"../../../Engine/Content/EngineMaterials/Widget3DPassThrough_Opaque.uasset" 268
"../../../Engine/Content/EngineMaterials/Widget3DPassThrough_Masked_OneSided.uasset" 269
"../../../Engine/Content/EngineMaterials/Widget3DPassThrough_Opaque_OneSided.uasset" 270
"../../../Engine/Content/EngineMaterials/Widget3DPassThrough_Translucent.uasset" 271
"../../../Engine/Content/EngineMaterials/Widget3DPassThrough_Translucent_OneSided.uasset" 272
"../../../Engine/Content/EngineMeshes/Cylinder.uasset" 273
"../../../Engine/Content/EngineMeshes/Sphere.uasset" 274
"../../../Engine/Content/EngineResources/Black.uasset" 275
"../../../Engine/Content/EngineResources/DefaultTexture.uasset" 276
"../../../Engine/Content/EngineResources/DefaultTextureCube.uasset" 277
"../../../Engine/Content/EngineResources/DefaultVolumeTexture2D.uasset" 278
"../../../Engine/Content/EngineResources/DefaultVolumeTexture.uasset" 279
"../../../Engine/Content/EngineResources/GradientTexture0.uasset" 280
"../../../Engine/Content/EngineSounds/Master.uasset" 281
"../../../Engine/Content/Functions/Engine_MaterialFunctions01/Shading/ConvertFromDiffSpec.uasset" 282
"../../../Engine/Content/Functions/Engine_MaterialFunctions01/Shading/PowerToRoughness.uasset" 283
"../../../Engine/Content/Maps/Templates/Thumbnails/Default.uasset" 284
"../../../Engine/Content/Maps/Templates/Thumbnails/VR-Basic.uasset" 285
"../../../Engine/Content/MobileResources/T_MobileControls_texture.uasset" 286
"../../../Engine/Content/MobileResources/T_MobileMenu2.uasset" 287
"../../../Engine/Content/MobileResources/HUD/AnalogHat.uasset" 288
"../../../Engine/Content/MobileResources/HUD/VirtualJoystick_Background.uasset" 289
"../../../Engine/Content/MobileResources/HUD/VirtualJoystick_Thumb.uasset" 290
"../../../Engine/Content/MobileResources/HUD/DefaultVirtualJoysticks.uasset" 291
"../../../Engine/Content/MobileResources/HUD/LeftVirtualJoystickOnly.uasset" 292
"../../../Engine/Content/MobileResources/HUD/MobileHUDButton1_off.uasset" 293
"../../../Engine/Content/MobileResources/HUD/MobileHUDButton1_on.uasset" 294
"../../../Engine/Content/MobileResources/HUD/MobileHUDButton2_off.uasset" 295
"../../../Engine/Content/MobileResources/HUD/MobileHUDButton2_on.uasset" 296
"../../../Engine/Content/MobileResources/HUD/MobileHUDButton3.uasset" 297
"../../../Engine/Content/MobileResources/HUD/MobileHUDButtonFire.uasset" 298
"../../../Engine/Content/MobileResources/HUD/MobileHUDDirectionPad.uasset" 299
"../../../Engine/Content/MobileResources/HUD/MobileHUDDirectionPad2.uasset" 300
"../../../Engine/Content/MobileResources/HUD/MobileHUDDirectionPad3.uasset" 301
"../../../Engine/Content/MobileResources/HUD/MobileHUDDirectionStick.uasset" 302
"../../../Engine/Content/MobileResources/HUD/T_Castle_ThumbstickInner.uasset" 303
"../../../Engine/Content/MobileResources/HUD/T_Castle_ThumbstickOutter.uasset" 304
"../../../Engine/Content/Tutorial/ContentIntroCurve.uasset" 305
"../../../Engine/Content/Tutorial/Basics/LevelEditorAttract.uasset" 306
"../../../Engine/Content/Tutorial/Basics/TutorialAssets/icon_tab_Levels_40x.uasset" 307
"../../../Engine/Content/Tutorial/Basics/LevelEditorOverview.uasset" 308
"../../../Engine/Content/VREditor/LaserPointer/VR_LaserPower_01.uasset" 309
"../../../Engine/Content/VREditor/TransformGizmo/TransformGizmoMaterial.uasset" 310
"../../../Engine/Content/VREditor/TransformGizmo/TranslucentTransformGizmoMaterial.uasset" 311
"../../../Engine/Content/VREditor/TransformGizmo/BoundingBoxCorner.uasset" 312
"../../../Engine/Content/VREditor/TransformGizmo/BoundingBoxEdge.uasset" 313
"../../../Engine/Content/VREditor/TransformGizmo/PlaneTranslationHandle.uasset" 314
"../../../Engine/Content/VREditor/TransformGizmo/Main.uasset" 315
"../../../Engine/Content/VREditor/TransformGizmo/Xray.uasset" 316
"../../../Engine/Content/VREditor/TransformGizmo/SM_Sequencer_Key.uasset" 317
"../../../Engine/Content/VREditor/TransformGizmo/SM_Sequencer_Node.uasset" 318
"../../Plugins/2D/Paper2D/Content/PlaceholderTextures/DummySpriteTexture.uasset" 319
"../../Plugins/2D/Paper2D/Content/DummySprite.uasset" 320
"../../Plugins/2D/Paper2D/Content/DefaultPaperTerrainMaterial.uasset" 321
"../../Plugins/2D/Paper2D/Content/DummySpriteTexture.uasset" 322
"../../Plugins/2D/Paper2D/Content/DefaultSpriteMaterial.uasset" 323
"../../Plugins/2D/Paper2D/Content/MaskedUnlitSpriteMaterial.uasset" 324
"../../Plugins/2D/Paper2D/Content/OpaqueUnlitSpriteMaterial.uasset" 325
"../../Plugins/Runtime/Oculus/OculusVR/Content/OculusMR_RenderTarget.uasset" 326
"../../../Engine/Content/Functions/Engine_MaterialFunctions02/Utility/BreakOutFloat4Components.uasset" 327
"../../../Engine/Content/Functions/Engine_MaterialFunctions02/Utility/MakeFloat2.uasset" 328
"../../../Engine/Content/Functions/Engine_MaterialFunctions02/Utility/MakeFloat3.uasset" 329
"../../Plugins/Runtime/Oculus/OculusVR/Content/Materials/OculusMR_ChromaKey.uasset" 330
"../../Plugins/Runtime/Oculus/OculusVR/Content/Materials/OculusMR_ChromaKey_Lit.uasset" 331
"../../Plugins/Runtime/Oculus/OculusVR/Content/Materials/OculusMR_OpaqueColoredMaterial.uasset" 332
"../../Plugins/Runtime/Oculus/OculusVR/Content/Materials/OculusMR_WhiteMaterial.uasset" 333
"../../Plugins/Runtime/Oculus/OculusVR/Content/Materials/PokeAHoleMaterial.uasset" 334
"../../Plugins/Runtime/Oculus/OculusVR/Content/Textures/GearVRController_AO.uasset" 335
"../../Plugins/Runtime/Oculus/OculusVR/Content/Textures/GearVRController_Color.uasset" 336
"../../Plugins/Runtime/Oculus/OculusVR/Content/Textures/GearVRController_Normal.uasset" 337
"../../Plugins/Runtime/Oculus/OculusVR/Content/Materials/GearVRControllerMaterial.uasset" 338
"../../Plugins/Runtime/Oculus/OculusVR/Content/Meshes/GearVrController.uasset" 339
"../../Plugins/Runtime/Oculus/OculusVR/Content/Textures/touchController_albedo.uasset" 340
"../../Plugins/Runtime/Oculus/OculusVR/Content/Textures/touchController_controlmap.uasset" 341
"../../Plugins/Runtime/Oculus/OculusVR/Content/Materials/touchController_mat.uasset" 342
"../../Plugins/Runtime/Oculus/OculusVR/Content/Meshes/LeftTouchController.uasset" 343
"../../Plugins/Runtime/Oculus/OculusVR/Content/Meshes/RiftHMD.uasset" 344
"../../Plugins/Runtime/Oculus/OculusVR/Content/Meshes/RightTouchController.uasset" 345
"../../../Engine/Content/EngineSky/C_Sky_Cloud_Color.uasset" 346
"../../../Engine/Content/EngineSky/C_Sky_Horizon_Color.uasset" 347
"../../../Engine/Content/EngineSky/C_Sky_Zenith_Color.uasset" 348
"../../../Engine/Content/EngineSky/T_Sky_Blue.uasset" 349
"../../../Engine/Content/EngineSky/T_Sky_Clouds_M.uasset" 350
"../../../Engine/Content/EngineSky/T_Sky_Stars.uasset" 351
"../../../Engine/Content/EngineSky/M_Sky_Panning_Clouds2.uasset" 352
"../../../Engine/Content/EngineSky/SM_SkySphere.uasset" 353
"../../../Engine/Content/EngineSky/BP_Sky_Sphere.uasset" 354
"../../../../../repo/unreal/unrealprojects/parkourAsses/Content/blueprints/deco/fridge.uasset" 355
"../../../../../repo/unreal/unrealprojects/parkourAsses/Content/blueprints/floor.uasset" 356
"../../../Engine/Content/BasicShapes/Cube_DM.uasset" 357
"../../../../../repo/unreal/unrealprojects/parkourAsses/Content/blueprints/traps/actuation.uasset" 358
"../../../../../repo/unreal/unrealprojects/parkourAsses/Content/blueprints/traps/beam.uasset" 359
"../../../Engine/Content/BasicShapes/Sphere.uasset" 360
"../../../../../repo/unreal/unrealprojects/parkourAsses/Content/blueprints/traps/bolder.uasset" 361
"../../../../../repo/unreal/unrealprojects/parkourAsses/Content/blueprints/traps/breaks.uasset" 362
"../../../../../repo/unreal/unrealprojects/parkourAsses/Content/blueprints/traps/confusion.uasset" 363
"../../../../../repo/unreal/unrealprojects/parkourAsses/Content/blueprints/traps/dissapear.uasset" 364
"../../../../../repo/unreal/unrealprojects/parkourAsses/Content/blueprints/traps/dissapear_reappear.uasset" 365
"../../../../../repo/unreal/unrealprojects/parkourAsses/Content/StarterContent/Textures/T_Wood_Oak_D.uasset" 366
"../../../../../repo/unreal/unrealprojects/parkourAsses/Content/StarterContent/Textures/T_Wood_Oak_N.uasset" 367
"../../../../../repo/unreal/unrealprojects/parkourAsses/Content/StarterContent/Materials/M_Wood_Oak.uasset" 368
"../../../Engine/Content/BasicShapes/Cone.uasset" 369
"../../../../../repo/unreal/unrealprojects/parkourAsses/Content/blueprints/traps/spike.uasset" 370
"../../../../../repo/unreal/unrealprojects/parkourAsses/Content/FirstPerson/Textures/FirstPersonCrosshair.uasset" 371
"../../../../../repo/unreal/unrealprojects/parkourAsses/Content/FirstPersonBP/Blueprints/FirstPersonHUD.uasset" 372
"../../../../../repo/unreal/unrealprojects/parkourAsses/Content/FirstPersonBP/Blueprints/FirstPersonGameMode.uasset" 373
"../../../../../repo/unreal/unrealprojects/parkourAsses/Content/FirstPersonBP/Maps/assetsmap_BuiltData.uasset" 374
"../../../../../repo/unreal/unrealprojects/parkourAsses/Content/FirstPersonBP/Maps/assetsmap.umap" 375
"../../../../../repo/unreal/unrealprojects/parkourAsses/Content/blueprints/elevators/endportal.uasset" 376
"../../../../../repo/unreal/unrealprojects/parkourAsses/Content/StarterContent/Materials/M_Metal_Chrome.uasset" 377
"../../../../../repo/unreal/unrealprojects/parkourAsses/Content/blueprints/movingplatformleftright.uasset" 378
"../../../../../repo/unreal/unrealprojects/parkourAsses/Content/blueprints/movingplatform3_Blueprint.uasset" 379
"../../../../../repo/unreal/unrealprojects/parkourAsses/Content/blueprints/movingplatformupdown.uasset" 380
"../../../../../repo/unreal/unrealprojects/parkourAsses/Content/blueprints/Platform.uasset" 381
"../../../../../repo/unreal/unrealprojects/parkourAsses/Content/blueprints/trapswithbeams/dissapearwithbeam.uasset" 382
"../../../../../repo/unreal/unrealprojects/parkourAsses/Content/FirstPersonBP/Maps/level1_BuiltData.uasset" 383
"../../../Engine/Content/Functions/Engine_MaterialFunctions01/Opacity/AlphaOffset.uasset" 384
"../../../../../repo/unreal/unrealprojects/parkourAsses/Content/StarterContent/Materials/M_Wood_Floor_Walnut_Worn.uasset" 385
"../../../../../repo/unreal/unrealprojects/parkourAsses/Content/FirstPersonBP/Maps/level1.umap" 386
"../../../../../repo/unreal/unrealprojects/parkourAsses/Content/StarterContent/Textures/T_Metal_Gold_D.uasset" 387
"../../../../../repo/unreal/unrealprojects/parkourAsses/Content/StarterContent/Textures/T_Metal_Gold_N.uasset" 388
"../../../../../repo/unreal/unrealprojects/parkourAsses/Content/StarterContent/Materials/M_Metal_Gold.uasset" 389
"../../../../../repo/unreal/unrealprojects/parkourAsses/Content/StarterContent/Architecture/Wall_Door_400x400.uasset" 390
"../../../../../repo/unreal/unrealprojects/parkourAsses/Content/blueprints/levelspecific/2_house.uasset" 391
"../../../../../repo/unreal/unrealprojects/parkourAsses/Content/FirstPersonBP/Maps/level2.umap" 392
"../../../../../repo/unreal/unrealprojects/parkourAsses/Content/FirstPersonBP/Maps/level3_BuiltData.uasset" 393
"../../../../../repo/unreal/unrealprojects/parkourAsses/Content/FirstPersonBP/Maps/level3.umap" 394
"../../../../../repo/unreal/unrealprojects/parkourAsses/Content/blueprints/elevatortest/endportal.uasset" 395
"../../../../../repo/unreal/unrealprojects/parkourAsses/Content/blueprints/levelspecific/4_to2d.uasset" 396
"../../../../../repo/unreal/unrealprojects/parkourAsses/Content/FirstPersonBP/Maps/level4_BuiltData.uasset" 397
"../../../../../repo/unreal/unrealprojects/parkourAsses/Content/FirstPersonBP/Maps/level4.umap" 398
"../../../../../repo/unreal/unrealprojects/parkourAsses/Content/blueprints/levelspecific/4_to3d.uasset" 399
"../../../../../repo/unreal/unrealprojects/parkourAsses/Content/blueprints/trapswithbeams/disappearreappearwithbeam.uasset" 400
"../../../../../repo/unreal/unrealprojects/parkourAsses/Content/FirstPersonBP/Maps/level42d_BuiltData.uasset" 401
"../../../Engine/Content/MapTemplates/Sky/DaylightAmbientCubemap.uasset" 402
"../../../../../repo/unreal/unrealprojects/parkourAsses/Content/StarterContent/Blueprints/Assets/M_LightStage_Skybox_Master.uasset" 403
"../../../../../repo/unreal/unrealprojects/parkourAsses/Content/StarterContent/Blueprints/Assets/M_LightStage_Skybox_Black.uasset" 404
"../../../../../repo/unreal/unrealprojects/parkourAsses/Content/FirstPersonBP/Maps/level42d.umap" 405
"../../../../../repo/unreal/unrealprojects/parkourAsses/Content/blueprints/levelspecific/4_troll.uasset" 406
"../../../../../repo/unreal/unrealprojects/parkourAsses/Content/FirstPersonBP/Maps/level43d_BuiltData.uasset" 407
"../../../../../repo/unreal/unrealprojects/parkourAsses/Content/FirstPersonBP/Maps/level43d.umap" 408
"../../../../../repo/unreal/unrealprojects/parkourAsses/Content/FirstPersonBP/Maps/level5_BuiltData.uasset" 409
"../../../Engine/Content/MapTemplates/SM_Template_Map_Floor.uasset" 410
"../../../../../repo/unreal/unrealprojects/parkourAsses/Content/FirstPersonBP/Maps/level5.umap" 411
"../../../../../repo/unreal/unrealprojects/parkourAsses/Content/blueprints/elevatortest/inportal.uasset" 412
"../../../../../repo/unreal/unrealprojects/parkourAsses/Content/blueprints/tutorialcubes.uasset" 413
"../../../../../repo/unreal/unrealprojects/parkourAsses/Content/FirstPersonBP/Maps/tutorial_BuiltData.uasset" 414
"../../../../../repo/unreal/unrealprojects/parkourAsses/Content/FirstPersonBP/Maps/tutorial.umap" 415
"../../../../../repo/unreal/unrealprojects/parkourAsses/Content/StarterContent/Blueprints/Assets/FogBrightnessLUT.uasset" 416
"../../../../../repo/unreal/unrealprojects/parkourAsses/Content/StarterContent/Blueprints/Assets/SunlightColorLUT.uasset" 417
"../../../../../repo/unreal/unrealprojects/parkourAsses/Content/StarterContent/Blueprints/Assets/M_LightStage_Arrows.uasset" 418
"../../../../../repo/unreal/unrealprojects/parkourAsses/Content/StarterContent/Blueprints/Assets/M_LightStage_Skybox_HDRI.uasset" 419
"../../../Engine/Content/EditorMaterials/Thumbnails/SkySphereMaterial.uasset" 420
"../../../../../repo/unreal/unrealprojects/parkourAsses/Content/StarterContent/Blueprints/Assets/Skybox.uasset" 421
"../../../../../repo/unreal/unrealprojects/parkourAsses/Content/StarterContent/Blueprints/Assets/SM_Arrows.uasset" 422
"../../../../../repo/unreal/unrealprojects/parkourAsses/Content/StarterContent/HDRI/HDRI_Epic_Courtyard_Daylight.uasset" 423
"../../../../../repo/unreal/unrealprojects/parkourAsses/Content/StarterContent/Blueprints/BP_LightStudio.uasset" 424
"../../../../../repo/unreal/unrealprojects/parkourAsses/Content/StarterContent/Maps/Advanced_Lighting_BuiltData.uasset" 425
"../../../Engine/Content/EditorMeshes/ColorCalibrator/M_ChromeBall.uasset" 426
"../../../Engine/Content/EditorMeshes/ColorCalibrator/M_ClearCoat.uasset" 427
"../../../Engine/Content/EditorMeshes/ColorCalibrator/M_ClearCoatBlack.uasset" 428
"../../../Engine/Content/EditorMeshes/ColorCalibrator/Color_checker.uasset" 429
"../../../Engine/Content/EditorMeshes/ColorCalibrator/M_ColorGrid.uasset" 430
"../../../Engine/Content/EditorMeshes/ColorCalibrator/M_GreyBall.uasset" 431
"../../../Engine/Content/EditorMeshes/ColorCalibrator/SM_ColorCalibrator.uasset" 432
"../../../../../repo/unreal/unrealprojects/parkourAsses/Content/StarterContent/Architecture/SM_AssetPlatform.uasset" 433
"../../../../../repo/unreal/unrealprojects/parkourAsses/Content/StarterContent/Maps/Advanced_Lighting.umap" 434
"../../../../../repo/unreal/unrealprojects/parkourAsses/Content/StarterContent/Maps/Minimal_Default_BuiltData.uasset" 435
"../../../../../repo/unreal/unrealprojects/parkourAsses/Content/StarterContent/Materials/M_Metal_Brushed_Nickel.uasset" 436
"../../../../../repo/unreal/unrealprojects/parkourAsses/Content/StarterContent/Textures/T_Metal_Aluminum_D.uasset" 437
"../../../../../repo/unreal/unrealprojects/parkourAsses/Content/StarterContent/Materials/M_Metal_Burnished_Steel.uasset" 438
"../../../../../repo/unreal/unrealprojects/parkourAsses/Content/StarterContent/Textures/T_Metal_Copper_D.uasset" 439
"../../../../../repo/unreal/unrealprojects/parkourAsses/Content/StarterContent/Materials/M_Metal_Copper.uasset" 440
"../../../../../repo/unreal/unrealprojects/parkourAsses/Content/StarterContent/Textures/T_Statue_M.uasset" 441
"../../../../../repo/unreal/unrealprojects/parkourAsses/Content/StarterContent/Textures/T_Statue_N.uasset" 442
"../../../../../repo/unreal/unrealprojects/parkourAsses/Content/StarterContent/Props/Materials/M_StatueGlass.uasset" 443
"../../../../../repo/unreal/unrealprojects/parkourAsses/Content/StarterContent/Audio/Starter_Background_Cue.uasset" 444
"../../../../../repo/unreal/unrealprojects/parkourAsses/Content/StarterContent/Props/SM_Chair.uasset" 445
"../../../../../repo/unreal/unrealprojects/parkourAsses/Content/StarterContent/Props/Materials/M_Statue.uasset" 446
"../../../../../repo/unreal/unrealprojects/parkourAsses/Content/StarterContent/Props/SM_Statue.uasset" 447
"../../../../../repo/unreal/unrealprojects/parkourAsses/Content/StarterContent/Textures/T_TableRound_M.uasset" 448
"../../../../../repo/unreal/unrealprojects/parkourAsses/Content/StarterContent/Textures/T_TableRound_N.uasset" 449
"../../../../../repo/unreal/unrealprojects/parkourAsses/Content/StarterContent/Props/Materials/M_TableRound.uasset" 450
"../../../../../repo/unreal/unrealprojects/parkourAsses/Content/StarterContent/Props/SM_TableRound.uasset" 451
"../../../../../repo/unreal/unrealprojects/parkourAsses/Content/StarterContent/Maps/Minimal_Default.umap" 452
"../../../../../repo/unreal/unrealprojects/parkourAsses/Content/StarterContent/Audio/Fire01_Cue.uasset" 453
"../../../../../repo/unreal/unrealprojects/parkourAsses/Content/StarterContent/Textures/T_Fire_SubUV.uasset" 454
"../../../../../repo/unreal/unrealprojects/parkourAsses/Content/StarterContent/Textures/T_Fire_Tiled_D.uasset" 455
"../../../../../repo/unreal/unrealprojects/parkourAsses/Content/StarterContent/Particles/Materials/M_Fire_SubUV.uasset" 456
"../../../../../repo/unreal/unrealprojects/parkourAsses/Content/StarterContent/Textures/T_Water_N.uasset" 457
"../../../../../repo/unreal/unrealprojects/parkourAsses/Content/StarterContent/Particles/Materials/M_Heat_Distortion.uasset" 458
"../../../../../repo/unreal/unrealprojects/parkourAsses/Content/StarterContent/Particles/Materials/M_Radial_Gradient.uasset" 459
"../../../../../repo/unreal/unrealprojects/parkourAsses/Content/StarterContent/Particles/P_Fire.uasset" 460
"../../../../../repo/unreal/unrealprojects/parkourAsses/Content/StarterContent/Blueprints/Blueprint_Effect_Fire.uasset" 461
"../../../../../repo/unreal/unrealprojects/parkourAsses/Content/StarterContent/Audio/Smoke01_Cue.uasset" 462
"../../../../../repo/unreal/unrealprojects/parkourAsses/Content/StarterContent/Particles/P_Smoke.uasset" 463
"../../../../../repo/unreal/unrealprojects/parkourAsses/Content/StarterContent/Blueprints/Blueprint_Effect_Smoke.uasset" 464
"../../../../../repo/unreal/unrealprojects/parkourAsses/Content/StarterContent/Audio/Fire_Sparks01_Cue.uasset" 465
"../../../../../repo/unreal/unrealprojects/parkourAsses/Content/StarterContent/Textures/T_Spark_Core.uasset" 466
"../../../../../repo/unreal/unrealprojects/parkourAsses/Content/StarterContent/Particles/Materials/M_Spark.uasset" 467
"../../../../../repo/unreal/unrealprojects/parkourAsses/Content/StarterContent/Particles/P_Sparks.uasset" 468
"../../../../../repo/unreal/unrealprojects/parkourAsses/Content/StarterContent/Blueprints/Blueprint_Effect_Sparks.uasset" 469
"../../../../../repo/unreal/unrealprojects/parkourAsses/Content/StarterContent/Audio/Steam01_Cue.uasset" 470
"../../../../../repo/unreal/unrealprojects/parkourAsses/Content/StarterContent/Particles/P_Steam_Lit.uasset" 471
"../../../../../repo/unreal/unrealprojects/parkourAsses/Content/StarterContent/Blueprints/Blueprint_Effect_Steam.uasset" 472
"../../../../../repo/unreal/unrealprojects/parkourAsses/Content/StarterContent/Textures/T_Lamp_M.uasset" 473
"../../../../../repo/unreal/unrealprojects/parkourAsses/Content/StarterContent/Textures/T_Lamp_N.uasset" 474
"../../../../../repo/unreal/unrealprojects/parkourAsses/Content/StarterContent/Props/Materials/M_Lamp.uasset" 475
"../../../../../repo/unreal/unrealprojects/parkourAsses/Content/StarterContent/Props/SM_Lamp_Ceiling.uasset" 476
"../../../../../repo/unreal/unrealprojects/parkourAsses/Content/StarterContent/Blueprints/Blueprint_CeilingLight.uasset" 477
"../../../../../repo/unreal/unrealprojects/parkourAsses/Content/StarterContent/Props/SM_Lamp_Wall.uasset" 478
"../../../../../repo/unreal/unrealprojects/parkourAsses/Content/StarterContent/Blueprints/Blueprint_WallSconce.uasset" 479
"../../../../../repo/unreal/unrealprojects/parkourAsses/Content/StarterContent/Maps/StarterMap_BuiltData.uasset" 480
"../../../Engine/Content/Functions/Engine_MaterialFunctions03/Procedurals/ComputeFilterWidth.uasset" 481
"../../../Engine/Content/EngineMaterials/AntiAliasedTextMaterialTranslucent.uasset" 482
"../../../../../repo/unreal/unrealprojects/parkourAsses/Content/StarterContent/Textures/T_Brick_Clay_Beveled_D.uasset" 483
"../../../../../repo/unreal/unrealprojects/parkourAsses/Content/StarterContent/Textures/T_Brick_Clay_Beveled_M.uasset" 484
"../../../../../repo/unreal/unrealprojects/parkourAsses/Content/StarterContent/Textures/T_Brick_Clay_Beveled_N.uasset" 485
"../../../../../repo/unreal/unrealprojects/parkourAsses/Content/StarterContent/Materials/M_Brick_Clay_Beveled.uasset" 486
"../../../../../repo/unreal/unrealprojects/parkourAsses/Content/StarterContent/Textures/T_Brick_Clay_New_D.uasset" 487
"../../../../../repo/unreal/unrealprojects/parkourAsses/Content/StarterContent/Textures/T_Brick_Clay_New_M.uasset" 488
"../../../../../repo/unreal/unrealprojects/parkourAsses/Content/StarterContent/Textures/T_Brick_Clay_New_N.uasset" 489
"../../../../../repo/unreal/unrealprojects/parkourAsses/Content/StarterContent/Materials/M_Brick_Clay_New.uasset" 490
"../../../../../repo/unreal/unrealprojects/parkourAsses/Content/StarterContent/Textures/T_Brick_Clay_Old_D.uasset" 491
"../../../../../repo/unreal/unrealprojects/parkourAsses/Content/StarterContent/Textures/T_Brick_Clay_Old_N.uasset" 492
"../../../../../repo/unreal/unrealprojects/parkourAsses/Content/StarterContent/Materials/M_Brick_Clay_Old.uasset" 493
"../../../../../repo/unreal/unrealprojects/parkourAsses/Content/StarterContent/Textures/T_Brick_Cut_Stone_D.uasset" 494
"../../../../../repo/unreal/unrealprojects/parkourAsses/Content/StarterContent/Textures/T_Brick_Cut_Stone_N.uasset" 495
"../../../../../repo/unreal/unrealprojects/parkourAsses/Content/StarterContent/Materials/M_Brick_Cut_Stone.uasset" 496
"../../../../../repo/unreal/unrealprojects/parkourAsses/Content/StarterContent/Textures/T_Brick_Hewn_Stone_D.uasset" 497
"../../../../../repo/unreal/unrealprojects/parkourAsses/Content/StarterContent/Textures/T_Brick_Hewn_Stone_M.uasset" 498
"../../../../../repo/unreal/unrealprojects/parkourAsses/Content/StarterContent/Textures/T_Brick_Hewn_Stone_N.uasset" 499
"../../../../../repo/unreal/unrealprojects/parkourAsses/Content/StarterContent/Materials/M_Brick_Hewn_Stone.uasset" 500
"../../../../../repo/unreal/unrealprojects/parkourAsses/Content/StarterContent/Textures/T_Ceramic_Tile_M.uasset" 501
"../../../../../repo/unreal/unrealprojects/parkourAsses/Content/StarterContent/Textures/T_Ceramic_Tile_N.uasset" 502
"../../../../../repo/unreal/unrealprojects/parkourAsses/Content/StarterContent/Textures/T_Rock_Marble_Polished_D.uasset" 503
"../../../../../repo/unreal/unrealprojects/parkourAsses/Content/StarterContent/Materials/M_Ceramic_Tile_Checker.uasset" 504
"../../../../../repo/unreal/unrealprojects/parkourAsses/Content/StarterContent/Textures/T_CobbleStone_Pebble_D.uasset" 505
"../../../../../repo/unreal/unrealprojects/parkourAsses/Content/StarterContent/Textures/T_CobbleStone_Pebble_M.uasset" 506
"../../../../../repo/unreal/unrealprojects/parkourAsses/Content/StarterContent/Textures/T_CobbleStone_Pebble_N.uasset" 507
"../../../../../repo/unreal/unrealprojects/parkourAsses/Content/StarterContent/Materials/M_CobbleStone_Pebble.uasset" 508
"../../../../../repo/unreal/unrealprojects/parkourAsses/Content/StarterContent/Textures/T_CobbleStone_Rough_D.uasset" 509
"../../../../../repo/unreal/unrealprojects/parkourAsses/Content/StarterContent/Textures/T_CobbleStone_Rough_N.uasset" 510
"../../../../../repo/unreal/unrealprojects/parkourAsses/Content/StarterContent/Textures/T_Gradinet_01.uasset" 511
"../../../../../repo/unreal/unrealprojects/parkourAsses/Content/StarterContent/Textures/T_Rock_Smooth_Granite_D.uasset" 512
"../../../../../repo/unreal/unrealprojects/parkourAsses/Content/StarterContent/Materials/M_CobbleStone_Rough.uasset" 513
"../../../../../repo/unreal/unrealprojects/parkourAsses/Content/StarterContent/Textures/T_CobbleStone_Smooth_D.uasset" 514
"../../../../../repo/unreal/unrealprojects/parkourAsses/Content/StarterContent/Textures/T_CobbleStone_Smooth_M.uasset" 515
"../../../../../repo/unreal/unrealprojects/parkourAsses/Content/StarterContent/Textures/T_CobbleStone_Smooth_N.uasset" 516
"../../../../../repo/unreal/unrealprojects/parkourAsses/Content/StarterContent/Materials/M_CobbleStone_Smooth.uasset" 517
"../../../../../repo/unreal/unrealprojects/parkourAsses/Content/StarterContent/Textures/T_Concrete_Grime_D.uasset" 518
"../../../../../repo/unreal/unrealprojects/parkourAsses/Content/StarterContent/Textures/T_Metal_Rust_N.uasset" 519
"../../../../../repo/unreal/unrealprojects/parkourAsses/Content/StarterContent/Materials/M_Concrete_Grime.uasset" 520
"../../../../../repo/unreal/unrealprojects/parkourAsses/Content/StarterContent/Textures/T_Concrete_Panels_D.uasset" 521
"../../../../../repo/unreal/unrealprojects/parkourAsses/Content/StarterContent/Textures/T_Concrete_Panels_N.uasset" 522
"../../../../../repo/unreal/unrealprojects/parkourAsses/Content/StarterContent/Materials/M_Concrete_Panels.uasset" 523
"../../../../../repo/unreal/unrealprojects/parkourAsses/Content/StarterContent/Textures/T_Concrete_Poured_D.uasset" 524
"../../../../../repo/unreal/unrealprojects/parkourAsses/Content/StarterContent/Textures/T_Concrete_Poured_N.uasset" 525
"../../../../../repo/unreal/unrealprojects/parkourAsses/Content/StarterContent/Materials/M_Concrete_Poured.uasset" 526
"../../../../../repo/unreal/unrealprojects/parkourAsses/Content/StarterContent/Textures/T_Concrete_Tiles_D.uasset" 527
"../../../../../repo/unreal/unrealprojects/parkourAsses/Content/StarterContent/Textures/T_Concrete_Tiles_M.uasset" 528
"../../../../../repo/unreal/unrealprojects/parkourAsses/Content/StarterContent/Textures/T_Concrete_Tiles_N.uasset" 529
"../../../../../repo/unreal/unrealprojects/parkourAsses/Content/StarterContent/Textures/T_Concrete_Tiles_Variation_M.uasset" 530
"../../../../../repo/unreal/unrealprojects/parkourAsses/Content/StarterContent/Materials/M_Concrete_Tiles.uasset" 531
"../../../../../repo/unreal/unrealprojects/parkourAsses/Content/StarterContent/Textures/T_Ground_Grass_D.uasset" 532
"../../../../../repo/unreal/unrealprojects/parkourAsses/Content/StarterContent/Textures/T_Ground_Grass_N.uasset" 533
"../../../../../repo/unreal/unrealprojects/parkourAsses/Content/StarterContent/Materials/M_Ground_Grass.uasset" 534
"../../../../../repo/unreal/unrealprojects/parkourAsses/Content/StarterContent/Textures/T_Ground_Gravel_D.uasset" 535
"../../../../../repo/unreal/unrealprojects/parkourAsses/Content/StarterContent/Textures/T_Ground_Gravel_N.uasset" 536
"../../../../../repo/unreal/unrealprojects/parkourAsses/Content/StarterContent/Materials/M_Ground_Gravel.uasset" 537
"../../../../../repo/unreal/unrealprojects/parkourAsses/Content/StarterContent/Textures/T_ground_Moss_D.uasset" 538
"../../../../../repo/unreal/unrealprojects/parkourAsses/Content/StarterContent/Textures/T_Ground_Moss_N.uasset" 539
"../../../../../repo/unreal/unrealprojects/parkourAsses/Content/StarterContent/Materials/M_Ground_Moss.uasset" 540
"../../../../../repo/unreal/unrealprojects/parkourAsses/Content/StarterContent/Textures/T_Metal_Rust_D.uasset" 541
"../../../../../repo/unreal/unrealprojects/parkourAsses/Content/StarterContent/Materials/M_Metal_Rust.uasset" 542
"../../../../../repo/unreal/unrealprojects/parkourAsses/Content/StarterContent/Textures/T_Metal_Steel_D.uasset" 543
"../../../../../repo/unreal/unrealprojects/parkourAsses/Content/StarterContent/Textures/T_Metal_Steel_N.uasset" 544
"../../../../../repo/unreal/unrealprojects/parkourAsses/Content/StarterContent/Materials/M_Metal_Steel.uasset" 545
"../../../../../repo/unreal/unrealprojects/parkourAsses/Content/StarterContent/Textures/T_Rock_Basalt_N.uasset" 546
"../../../../../repo/unreal/unrealprojects/parkourAsses/Content/StarterContent/Materials/M_Rock_Basalt.uasset" 547
"../../../../../repo/unreal/unrealprojects/parkourAsses/Content/StarterContent/Materials/M_Rock_Marble_Polished.uasset" 548
"../../../../../repo/unreal/unrealprojects/parkourAsses/Content/StarterContent/Textures/T_Rock_Sandstone_D.uasset" 549
"../../../../../repo/unreal/unrealprojects/parkourAsses/Content/StarterContent/Textures/T_Rock_Sandstone_N.uasset" 550
"../../../../../repo/unreal/unrealprojects/parkourAsses/Content/StarterContent/Materials/M_Rock_Sandstone.uasset" 551
"../../../../../repo/unreal/unrealprojects/parkourAsses/Content/StarterContent/Textures/T_Rock_Slate_D.uasset" 552
"../../../../../repo/unreal/unrealprojects/parkourAsses/Content/StarterContent/Textures/T_Rock_Slate_N.uasset" 553
"../../../../../repo/unreal/unrealprojects/parkourAsses/Content/StarterContent/Materials/M_Rock_Slate.uasset" 554
"../../../../../repo/unreal/unrealprojects/parkourAsses/Content/StarterContent/Textures/T_Checker_Noise_M.uasset" 555
"../../../../../repo/unreal/unrealprojects/parkourAsses/Content/StarterContent/Textures/T_Single_Tile_N.uasset" 556
"../../../../../repo/unreal/unrealprojects/parkourAsses/Content/StarterContent/Textures/T_Tech_Dot_M.uasset" 557
"../../../../../repo/unreal/unrealprojects/parkourAsses/Content/StarterContent/Textures/T_Tech_Dot_N.uasset" 558
"../../../../../repo/unreal/unrealprojects/parkourAsses/Content/StarterContent/Materials/M_Tech_Checker_Dot.uasset" 559
"../../../../../repo/unreal/unrealprojects/parkourAsses/Content/StarterContent/Textures/T_Tech_Hex_Tile_M.uasset" 560
"../../../../../repo/unreal/unrealprojects/parkourAsses/Content/StarterContent/Textures/T_Tech_Hex_Tile_N.uasset" 561
"../../../../../repo/unreal/unrealprojects/parkourAsses/Content/StarterContent/Materials/M_Tech_Hex_Tile.uasset" 562
"../../../../../repo/unreal/unrealprojects/parkourAsses/Content/StarterContent/Materials/M_Tech_Hex_Tile_Pulse.uasset" 563
"../../../../../repo/unreal/unrealprojects/parkourAsses/Content/StarterContent/Textures/T_Tech_Panel_M.uasset" 564
"../../../../../repo/unreal/unrealprojects/parkourAsses/Content/StarterContent/Textures/T_Tech_Panel_N.uasset" 565
"../../../../../repo/unreal/unrealprojects/parkourAsses/Content/StarterContent/Materials/M_Tech_Panel.uasset" 566
"../../../../../repo/unreal/unrealprojects/parkourAsses/Content/StarterContent/Materials/M_Water_Lake.uasset" 567
"../../../../../repo/unreal/unrealprojects/parkourAsses/Content/StarterContent/Textures/T_Water_M.uasset" 568
"../../../../../repo/unreal/unrealprojects/parkourAsses/Content/StarterContent/Materials/M_Water_Ocean.uasset" 569
"../../../../../repo/unreal/unrealprojects/parkourAsses/Content/StarterContent/Textures/T_Wood_Walnut_D.uasset" 570
"../../../../../repo/unreal/unrealprojects/parkourAsses/Content/StarterContent/Textures/T_Wood_Walnut_N.uasset" 571
"../../../../../repo/unreal/unrealprojects/parkourAsses/Content/StarterContent/Materials/M_Wood_Walnut.uasset" 572
"../../../../../repo/unreal/unrealprojects/parkourAsses/Content/StarterContent/Architecture/Wall_400x200.uasset" 573
"../../../../../repo/unreal/unrealprojects/parkourAsses/Content/StarterContent/Architecture/Wall_Window_400x300.uasset" 574
"../../../../../repo/unreal/unrealprojects/parkourAsses/Content/StarterContent/Audio/Collapse_Cue.uasset" 575
"../../../../../repo/unreal/unrealprojects/parkourAsses/Content/StarterContent/Audio/Starter_Music_Cue.uasset" 576
"../../../../../repo/unreal/unrealprojects/parkourAsses/Content/StarterContent/Textures/T_Dust_Particle_D.uasset" 577
"../../../../../repo/unreal/unrealprojects/parkourAsses/Content/StarterContent/Particles/Materials/M_Dust_Particle.uasset" 578
"../../../../../repo/unreal/unrealprojects/parkourAsses/Content/StarterContent/Particles/P_Ambient_Dust.uasset" 579
"../../../../../repo/unreal/unrealprojects/parkourAsses/Content/StarterContent/Props/MaterialSphere.uasset" 580
"../../../../../repo/unreal/unrealprojects/parkourAsses/Content/StarterContent/Textures/T_Frame_M.uasset" 581
"../../../../../repo/unreal/unrealprojects/parkourAsses/Content/StarterContent/Textures/T_Frame_N.uasset" 582
"../../../../../repo/unreal/unrealprojects/parkourAsses/Content/StarterContent/Props/Materials/M_Frame.uasset" 583
"../../../../../repo/unreal/unrealprojects/parkourAsses/Content/StarterContent/Props/SM_CornerFrame.uasset" 584
"../../../../../repo/unreal/unrealprojects/parkourAsses/Content/StarterContent/Props/SM_DoorFrame.uasset" 585
"../../../../../repo/unreal/unrealprojects/parkourAsses/Content/StarterContent/Props/SM_GlassWindow.uasset" 586
"../../../../../repo/unreal/unrealprojects/parkourAsses/Content/StarterContent/Props/SM_PillarFrame.uasset" 587
"../../../../../repo/unreal/unrealprojects/parkourAsses/Content/StarterContent/Props/SM_PillarFrame300.uasset" 588
"../../../../../repo/unreal/unrealprojects/parkourAsses/Content/StarterContent/Props/SM_WindowFrame.uasset" 589
"../../../../../repo/unreal/unrealprojects/parkourAsses/Content/StarterContent/Shapes/Shape_Cube.uasset" 590
"../../../../../repo/unreal/unrealprojects/parkourAsses/Content/StarterContent/Shapes/Shape_QuadPyramid.uasset" 591
"../../../../../repo/unreal/unrealprojects/parkourAsses/Content/StarterContent/Shapes/Shape_Sphere.uasset" 592
"../../../../../repo/unreal/unrealprojects/parkourAsses/Content/StarterContent/Maps/StarterMap.umap" 593
"../../../Engine/Content/Maps/Entry_BuiltData.uasset" 594
"../../../Engine/Content/Maps/Entry.umap" 595
