"../../../Engine/Content/BasicShapes/BasicShapeMaterial.uasset" 0
"../../../../../../langlang/coding/unreal/unrealprojects/parkourAsses/Content/StarterContent/Materials/M_AssetPlatform.uasset" 1
"../../../../../../langlang/coding/unreal/unrealprojects/parkourAsses/Content/StarterContent/Materials/M_Basic_Floor.uasset" 2
"../../../../../../langlang/coding/unreal/unrealprojects/parkourAsses/Content/StarterContent/Materials/M_Glass.uasset" 3
"../../../Engine/Content/Functions/Engine_MaterialFunctions01/Opacity/CameraDepthFade.uasset" 4
"../../../Engine/Content/EngineMaterials/T_Default_Material_Grid_M.uasset" 5
"../../../Engine/Content/EngineMaterials/T_Default_Material_Grid_N.uasset" 6
"../../../Engine/Content/EngineMaterials/WorldGridMaterial.uasset" 7
"../../../Engine/Content/BasicShapes/Cube.uasset" 8
"../../../../../../langlang/coding/unreal/unrealprojects/parkourAsses/Content/blueprints/deco/microwave.uasset" 9
"../../../../../../langlang/coding/unreal/unrealprojects/parkourAsses/Content/microwave.uasset" 10
"../../../../../../langlang/coding/unreal/unrealprojects/parkourAsses/Content/StarterContent/Textures/T_MacroVariation.uasset" 11
"../../../../../../langlang/coding/unreal/unrealprojects/parkourAsses/Content/StarterContent/Textures/T_Perlin_Noise_M.uasset" 12
"../../../../../../langlang/coding/unreal/unrealprojects/parkourAsses/Content/StarterContent/Textures/T_Wood_Pine_D.uasset" 13
"../../../../../../langlang/coding/unreal/unrealprojects/parkourAsses/Content/StarterContent/Textures/T_Wood_Pine_N.uasset" 14
"../../../../../../langlang/coding/unreal/unrealprojects/parkourAsses/Content/StarterContent/Materials/M_Wood_Pine.uasset" 15
"../../../Engine/Content/EngineMaterials/DefaultMaterial.uasset" 16
"../../../Engine/Content/BasicShapes/Cylinder.uasset" 17
"../../../../../../langlang/coding/unreal/unrealprojects/parkourAsses/Content/blueprints/sign.uasset" 18
"../../../../../../langlang/coding/unreal/unrealprojects/parkourAsses/Content/sign.uasset" 19
"../../../../../../langlang/coding/unreal/unrealprojects/parkourAsses/Content/thumbnail.uasset" 20
"../../../../../../langlang/coding/unreal/unrealprojects/parkourAsses/Content/FirstPerson/Character/Mesh/SK_Mannequin_Arms_Skeleton.uasset" 21
"../../../../../../langlang/coding/unreal/unrealprojects/parkourAsses/Content/FirstPerson/Animations/FirstPerson_Idle.uasset" 22
"../../../../../../langlang/coding/unreal/unrealprojects/parkourAsses/Content/FirstPerson/Animations/FirstPerson_JumpEnd.uasset" 23
"../../../../../../langlang/coding/unreal/unrealprojects/parkourAsses/Content/FirstPerson/Animations/FirstPerson_JumpLoop.uasset" 24
"../../../../../../langlang/coding/unreal/unrealprojects/parkourAsses/Content/FirstPerson/Animations/FirstPerson_JumpStart.uasset" 25
"../../../../../../langlang/coding/unreal/unrealprojects/parkourAsses/Content/FirstPerson/Animations/FirstPerson_Run.uasset" 26
"../../../Engine/Content/EditorBlueprintResources/StandardMacros.uasset" 27
"../../../../../../langlang/coding/unreal/unrealprojects/parkourAsses/Content/FirstPerson/Animations/FirstPerson_AnimBP.uasset" 28
"../../../../../../langlang/coding/unreal/unrealprojects/parkourAsses/Content/FirstPerson/Animations/FirstPerson_Fire.uasset" 29
"../../../../../../langlang/coding/unreal/unrealprojects/parkourAsses/Content/FirstPerson/Animations/FirstPersonFire_Montage.uasset" 30
"../../../../../../langlang/coding/unreal/unrealprojects/parkourAsses/Content/FirstPerson/Meshes/BaseMaterial.uasset" 31
"../../../../../../langlang/coding/unreal/unrealprojects/parkourAsses/Content/FirstPerson/Meshes/FirstPersonProjectileMaterial.uasset" 32
"../../../../../../langlang/coding/unreal/unrealprojects/parkourAsses/Content/FirstPerson/Meshes/FirstPersonProjectileMesh.uasset" 33
"../../../../../../langlang/coding/unreal/unrealprojects/parkourAsses/Content/FirstPersonBP/Blueprints/FirstPersonProjectile.uasset" 34
"../../../../../../langlang/coding/unreal/unrealprojects/parkourAsses/Content/FirstPerson/Audio/FirstPersonTemplateWeaponFire02.uasset" 35
"../../../Engine/Content/Functions/Engine_MaterialFunctions02/Utility/BlendAngleCorrectedNormals.uasset" 36
"../../../Engine/Content/Functions/MaterialLayerFunctions/MatLayerBlend_NormalBlend.uasset" 37
"../../../Engine/Content/Functions/MaterialLayerFunctions/MatLayerBlend_Simple.uasset" 38
"../../../../../../langlang/coding/unreal/unrealprojects/parkourAsses/Content/FirstPerson/Character/Materials/MaterialLayers/T_ML_Rubber_Blue_01_D.uasset" 39
"../../../../../../langlang/coding/unreal/unrealprojects/parkourAsses/Content/FirstPerson/Character/Materials/MaterialLayers/T_ML_Rubber_Blue_01_N.uasset" 40
"../../../../../../langlang/coding/unreal/unrealprojects/parkourAsses/Content/FirstPerson/Character/Materials/MaterialLayers/ML_GlossyBlack_Latex_UE4.uasset" 41
"../../../../../../langlang/coding/unreal/unrealprojects/parkourAsses/Content/FirstPerson/Character/Materials/MaterialLayers/ML_Plastic_Shiny_Beige.uasset" 42
"../../../../../../langlang/coding/unreal/unrealprojects/parkourAsses/Content/FirstPerson/Character/Textures/UE4_LOGO_CARD.uasset" 43
"../../../../../../langlang/coding/unreal/unrealprojects/parkourAsses/Content/FirstPerson/Character/Materials/MaterialLayers/ML_Plastic_Shiny_Beige_LOGO.uasset" 44
"../../../../../../langlang/coding/unreal/unrealprojects/parkourAsses/Content/FirstPerson/Character/Materials/MaterialLayers/T_ML_Aluminum01.uasset" 45
"../../../../../../langlang/coding/unreal/unrealprojects/parkourAsses/Content/FirstPerson/Character/Materials/MaterialLayers/T_ML_Aluminum01_N.uasset" 46
"../../../../../../langlang/coding/unreal/unrealprojects/parkourAsses/Content/FirstPerson/Character/Materials/MaterialLayers/ML_SoftMetal_UE4.uasset" 47
"../../../../../../langlang/coding/unreal/unrealprojects/parkourAsses/Content/FirstPerson/Character/Textures/UE4_Mannequin__normals.uasset" 48
"../../../../../../langlang/coding/unreal/unrealprojects/parkourAsses/Content/FirstPerson/Character/Textures/UE4_Mannequin_MAT_MASKA.uasset" 49
"../../../../../../langlang/coding/unreal/unrealprojects/parkourAsses/Content/FirstPerson/Character/Materials/M_UE4Man_Body.uasset" 50
"../../../../../../langlang/coding/unreal/unrealprojects/parkourAsses/Content/FirstPerson/Character/Mesh/SK_Mannequin_Arms_PhysicsAsset.uasset" 51
"../../../../../../langlang/coding/unreal/unrealprojects/parkourAsses/Content/FirstPerson/Character/Mesh/SK_Mannequin_Arms.uasset" 52
"../../../../../../langlang/coding/unreal/unrealprojects/parkourAsses/Content/FirstPerson/FPWeapon/Materials/MaterialLayers/T_ML_Rubber_Blue_01_D.uasset" 53
"../../../../../../langlang/coding/unreal/unrealprojects/parkourAsses/Content/FirstPerson/FPWeapon/Materials/MaterialLayers/T_ML_Rubber_Blue_01_N.uasset" 54
"../../../../../../langlang/coding/unreal/unrealprojects/parkourAsses/Content/FirstPerson/FPWeapon/Materials/MaterialLayers/ML_GlossyBlack_Latex_UE4.uasset" 55
"../../../../../../langlang/coding/unreal/unrealprojects/parkourAsses/Content/FirstPerson/FPWeapon/Materials/MaterialLayers/ML_Plastic_Shiny_Beige.uasset" 56
"../../../../../../langlang/coding/unreal/unrealprojects/parkourAsses/Content/FirstPerson/FPWeapon/Materials/MaterialLayers/ML_Screen.uasset" 57
"../../../../../../langlang/coding/unreal/unrealprojects/parkourAsses/Content/FirstPerson/FPWeapon/Materials/MaterialLayers/T_ML_Aluminum01.uasset" 58
"../../../../../../langlang/coding/unreal/unrealprojects/parkourAsses/Content/FirstPerson/FPWeapon/Materials/MaterialLayers/T_ML_Aluminum01_N.uasset" 59
"../../../../../../langlang/coding/unreal/unrealprojects/parkourAsses/Content/FirstPerson/FPWeapon/Materials/MaterialLayers/ML_SoftMetal_UE4.uasset" 60
"../../../../../../langlang/coding/unreal/unrealprojects/parkourAsses/Content/FirstPerson/FPWeapon/Textures/T_FPGun_M.uasset" 61
"../../../../../../langlang/coding/unreal/unrealprojects/parkourAsses/Content/FirstPerson/FPWeapon/Textures/T_FPGun_N.uasset" 62
"../../../../../../langlang/coding/unreal/unrealprojects/parkourAsses/Content/FirstPerson/FPWeapon/Materials/M_FPGun.uasset" 63
"../../../../../../langlang/coding/unreal/unrealprojects/parkourAsses/Content/FirstPerson/FPWeapon/Mesh/SK_FPGun_Skeleton.uasset" 64
"../../../../../../langlang/coding/unreal/unrealprojects/parkourAsses/Content/FirstPerson/FPWeapon/Mesh/SK_FPGun.uasset" 65
"../../../../../../langlang/coding/unreal/unrealprojects/parkourAsses/Content/FirstPersonBP/Blueprints/FirstPersonCharacter.uasset" 66
"../../../../../../langlang/coding/unreal/unrealprojects/parkourAsses/Content/blueprints/coffinbox.uasset" 67
"../../../../../../langlang/coding/unreal/unrealprojects/parkourAsses/Content/coffinbox.uasset" 68
"../../../../../../langlang/coding/unreal/unrealprojects/parkourAsses/Content/FirstPersonBP/FirstPersonOverview.uasset" 69
"../../../../../../langlang/coding/unreal/unrealprojects/parkourAsses/Content/FirstPersonBP/Maps/elevatortwo.uasset" 70
"../../../../../../langlang/coding/unreal/unrealprojects/parkourAsses/Content/FirstPersonBP/Maps/level2_BuiltData.uasset" 71
"../../../../../../langlang/coding/unreal/unrealprojects/parkourAsses/Content/FirstPersonBP/Maps/elevatortwo_BuiltData.uasset" 72
"../../../../../../langlang/coding/unreal/unrealprojects/parkourAsses/Content/StarterContent/Textures/T_Wood_Floor_Walnut_D.uasset" 73
"../../../../../../langlang/coding/unreal/unrealprojects/parkourAsses/Content/StarterContent/Textures/T_Wood_Floor_Walnut_M.uasset" 74
"../../../../../../langlang/coding/unreal/unrealprojects/parkourAsses/Content/StarterContent/Textures/T_Wood_Floor_Walnut_N.uasset" 75
"../../../../../../langlang/coding/unreal/unrealprojects/parkourAsses/Content/StarterContent/Materials/M_Wood_Floor_Walnut_Polished.uasset" 76
"../../../../../../langlang/coding/unreal/unrealprojects/parkourAsses/Content/StarterContent/Architecture/Floor_400x400.uasset" 77
"../../../../../../langlang/coding/unreal/unrealprojects/parkourAsses/Content/StarterContent/Materials/M_Basic_Wall.uasset" 78
"../../../../../../langlang/coding/unreal/unrealprojects/parkourAsses/Content/StarterContent/Architecture/Wall_400x300.uasset" 79
"../../../../../../langlang/coding/unreal/unrealprojects/parkourAsses/Content/StarterContent/Architecture/Wall_500x500.uasset" 80
"../../../../../../langlang/coding/unreal/unrealprojects/parkourAsses/Content/StarterContent/Architecture/Wall_Door_400x300.uasset" 81
"../../../../../../langlang/coding/unreal/unrealprojects/parkourAsses/Content/blueprints/levelspecific/2_ele_tele.uasset" 82
"../../../../../../langlang/coding/unreal/unrealprojects/parkourAsses/Content/blueprints/2_ele_tele.uasset" 83
"../../../../../../langlang/coding/unreal/unrealprojects/parkourAsses/Content/Geometry/Meshes/CubeMaterial.uasset" 84
"../../../../../../langlang/coding/unreal/unrealprojects/parkourAsses/Content/blueprints/levelspecific/tutorial_dissapearreappear.uasset" 85
"../../../../../../langlang/coding/unreal/unrealprojects/parkourAsses/Content/Geometry/Meshes/1M_Cube.uasset" 86
"../../../../../../langlang/coding/unreal/unrealprojects/parkourAsses/Content/Geometry/Meshes/1M_Cube_DM.uasset" 87
"../../../../../../langlang/coding/unreal/unrealprojects/parkourAsses/Content/blueprints/levelspecific/2_broken_ele.uasset" 88
"../../../Engine/Content/BasicShapes/Plane.uasset" 89
"../../../../../../langlang/coding/unreal/unrealprojects/parkourAsses/Content/blueprints/traps/target.uasset" 90
"../../../../../../langlang/coding/unreal/unrealprojects/parkourAsses/Content/StarterContent/Architecture/Wall_400x400.uasset" 91
"../../../../../../langlang/coding/unreal/unrealprojects/parkourAsses/Content/blueprints/elevators/inportal.uasset" 92
"../../../../../../langlang/coding/unreal/unrealprojects/parkourAsses/Content/blueprints/elevators/elevator.uasset" 93
"../../../../../../langlang/coding/unreal/unrealprojects/parkourAsses/Content/blueprints/elevators/elevator_C.uasset" 94
"../../../../../../langlang/coding/unreal/unrealprojects/parkourAsses/Content/blueprints/elevatortest/elevator.uasset" 95
"../../../../../../langlang/coding/unreal/unrealprojects/parkourAsses/Content/FirstPerson/Character/Mesh/FirstPersonAnimBlueprint_Copy.uasset" 96
"../../../../../../langlang/coding/unreal/unrealprojects/parkourAsses/Content/FirstPerson/FPWeapon/Mesh/SK_FPGun_PhysicsAsset.uasset" 97
"../../../../../../langlang/coding/unreal/unrealprojects/parkourAsses/Content/FirstPerson/FPWeapon/Materials/MaterialLayers/ML_Plastic_Shiny_Beige_LOGO.uasset" 98
"../../../../../../langlang/coding/unreal/unrealprojects/parkourAsses/Content/FirstPerson/FPWeapon/Materials/MaterialLayers/T_ML_FineRubber.uasset" 99
"../../../../../../langlang/coding/unreal/unrealprojects/parkourAsses/Content/FirstPerson/Meshes/CubeMaterialOverride.uasset" 100
"../../../../../../langlang/coding/unreal/unrealprojects/parkourAsses/Content/Geometry/Meshes/TemplateFloor.uasset" 101
"../../../../../../langlang/coding/unreal/unrealprojects/parkourAsses/Content/Geometry/Meshes/1M_Cube_Chamfer.uasset" 102
"../../../Engine/Content/EditorMeshes/ColorCalibrator/T_ColorGrid.uasset" 103
"../../../../../../langlang/coding/unreal/unrealprojects/parkourAsses/Content/StarterContent/Materials/M_ColorGrid_LowSpec.uasset" 104
"../../../../../../langlang/coding/unreal/unrealprojects/parkourAsses/Content/StarterContent/Audio/Explosion_Cue.uasset" 105
"../../../../../../langlang/coding/unreal/unrealprojects/parkourAsses/Content/StarterContent/Textures/T_Burst_M.uasset" 106
"../../../../../../langlang/coding/unreal/unrealprojects/parkourAsses/Content/StarterContent/Particles/Materials/M_Burst.uasset" 107
"../../../../../../langlang/coding/unreal/unrealprojects/parkourAsses/Content/StarterContent/Textures/T_Explosion_SubUV.uasset" 108
"../../../../../../langlang/coding/unreal/unrealprojects/parkourAsses/Content/StarterContent/Particles/Materials/M_explosion_subUV.uasset" 109
"../../../../../../langlang/coding/unreal/unrealprojects/parkourAsses/Content/StarterContent/Particles/Materials/m_flare_01.uasset" 110
"../../../Engine/Content/Functions/Engine_MaterialFunctions01/Gradient/RadialGradient.uasset" 111
"../../../../../../langlang/coding/unreal/unrealprojects/parkourAsses/Content/StarterContent/Particles/Materials/M_radial_ramp.uasset" 112
"../../../../../../langlang/coding/unreal/unrealprojects/parkourAsses/Content/StarterContent/Textures/T_Smoke_SubUV.uasset" 113
"../../../../../../langlang/coding/unreal/unrealprojects/parkourAsses/Content/StarterContent/Textures/T_Smoke_Tiled_D.uasset" 114
"../../../../../../langlang/coding/unreal/unrealprojects/parkourAsses/Content/StarterContent/Particles/Materials/M_smoke_subUV.uasset" 115
"../../../../../../langlang/coding/unreal/unrealprojects/parkourAsses/Content/StarterContent/Particles/P_Explosion.uasset" 116
"../../../../../../langlang/coding/unreal/unrealprojects/parkourAsses/Content/StarterContent/Blueprints/Blueprint_Effect_Explosion.uasset" 117
"../../../../../../langlang/coding/unreal/unrealprojects/parkourAsses/Content/StarterContent/Textures/T_Door_M.uasset" 118
"../../../../../../langlang/coding/unreal/unrealprojects/parkourAsses/Content/StarterContent/Textures/T_Door_N.uasset" 119
"../../../../../../langlang/coding/unreal/unrealprojects/parkourAsses/Content/StarterContent/Props/Materials/M_Door.uasset" 120
"../../../../../../langlang/coding/unreal/unrealprojects/parkourAsses/Content/StarterContent/Props/SM_Door.uasset" 121
"../../../../../../langlang/coding/unreal/unrealprojects/parkourAsses/Content/StarterContent/Props/Materials/M_MaterialSphere.uasset" 122
"../../../../../../langlang/coding/unreal/unrealprojects/parkourAsses/Content/StarterContent/Props/Materials/M_MaterialSphere_Plain.uasset" 123
"../../../../../../langlang/coding/unreal/unrealprojects/parkourAsses/Content/StarterContent/Props/SM_MatPreviewMesh_02.uasset" 124
"../../../../../../langlang/coding/unreal/unrealprojects/parkourAsses/Content/StarterContent/Textures/T_Chair_M.uasset" 125
"../../../../../../langlang/coding/unreal/unrealprojects/parkourAsses/Content/StarterContent/Textures/T_Chair_N.uasset" 126
"../../../../../../langlang/coding/unreal/unrealprojects/parkourAsses/Content/StarterContent/Props/Materials/M_Chair.uasset" 127
"../../../../../../langlang/coding/unreal/unrealprojects/parkourAsses/Content/StarterContent/Props/SM_Couch.uasset" 128
"../../../../../../langlang/coding/unreal/unrealprojects/parkourAsses/Content/StarterContent/Textures/T_Shelf_M.uasset" 129
"../../../../../../langlang/coding/unreal/unrealprojects/parkourAsses/Content/StarterContent/Textures/T_Shelf_N.uasset" 130
"../../../../../../langlang/coding/unreal/unrealprojects/parkourAsses/Content/StarterContent/Props/Materials/M_Shelf.uasset" 131
"../../../../../../langlang/coding/unreal/unrealprojects/parkourAsses/Content/StarterContent/Props/SM_Shelf.uasset" 132
"../../../../../../langlang/coding/unreal/unrealprojects/parkourAsses/Content/StarterContent/Textures/T_Detail_Rocky_N.uasset" 133
"../../../../../../langlang/coding/unreal/unrealprojects/parkourAsses/Content/StarterContent/Textures/T_Rock_Basalt_D.uasset" 134
"../../../../../../langlang/coding/unreal/unrealprojects/parkourAsses/Content/StarterContent/Textures/T_RockMesh_M.uasset" 135
"../../../../../../langlang/coding/unreal/unrealprojects/parkourAsses/Content/StarterContent/Textures/T_RockMesh_N.uasset" 136
"../../../../../../langlang/coding/unreal/unrealprojects/parkourAsses/Content/StarterContent/Props/Materials/M_Rock.uasset" 137
"../../../../../../langlang/coding/unreal/unrealprojects/parkourAsses/Content/StarterContent/Props/SM_Rock.uasset" 138
"../../../../../../langlang/coding/unreal/unrealprojects/parkourAsses/Content/StarterContent/Props/SM_Stairs.uasset" 139
"../../../../../../langlang/coding/unreal/unrealprojects/parkourAsses/Content/StarterContent/Textures/T_Bush_D.uasset" 140
"../../../../../../langlang/coding/unreal/unrealprojects/parkourAsses/Content/StarterContent/Textures/T_Bush_N.uasset" 141
"../../../../../../langlang/coding/unreal/unrealprojects/parkourAsses/Content/StarterContent/Props/Materials/M_Bush.uasset" 142
"../../../../../../langlang/coding/unreal/unrealprojects/parkourAsses/Content/StarterContent/Props/SM_Bush.uasset" 143
"../../../../../../langlang/coding/unreal/unrealprojects/parkourAsses/Content/StarterContent/Shapes/Shape_Wedge_A.uasset" 144
"../../../../../../langlang/coding/unreal/unrealprojects/parkourAsses/Content/StarterContent/Shapes/Shape_WideCapsule.uasset" 145
"../../../../../../langlang/coding/unreal/unrealprojects/parkourAsses/Content/StarterContent/Shapes/Shape_Tube.uasset" 146
"../../../../../../langlang/coding/unreal/unrealprojects/parkourAsses/Content/StarterContent/Shapes/Shape_Cylinder.uasset" 147
"../../../../../../langlang/coding/unreal/unrealprojects/parkourAsses/Content/StarterContent/Shapes/Shape_TriPyramid.uasset" 148
"../../../../../../langlang/coding/unreal/unrealprojects/parkourAsses/Content/StarterContent/Shapes/Shape_Trim.uasset" 149
"../../../../../../langlang/coding/unreal/unrealprojects/parkourAsses/Content/StarterContent/Shapes/Shape_Plane.uasset" 150
"../../../../../../langlang/coding/unreal/unrealprojects/parkourAsses/Content/StarterContent/Shapes/Shape_Trim_90_Out.uasset" 151
"../../../../../../langlang/coding/unreal/unrealprojects/parkourAsses/Content/StarterContent/Shapes/Shape_Pipe_90.uasset" 152
"../../../../../../langlang/coding/unreal/unrealprojects/parkourAsses/Content/StarterContent/Shapes/Shape_Pipe_180.uasset" 153
"../../../../../../langlang/coding/unreal/unrealprojects/parkourAsses/Content/StarterContent/Shapes/Shape_Pipe.uasset" 154
"../../../../../../langlang/coding/unreal/unrealprojects/parkourAsses/Content/StarterContent/Shapes/Shape_Cone.uasset" 155
"../../../../../../langlang/coding/unreal/unrealprojects/parkourAsses/Content/StarterContent/Shapes/Shape_Wedge_B.uasset" 156
"../../../../../../langlang/coding/unreal/unrealprojects/parkourAsses/Content/StarterContent/Shapes/Shape_NarrowCapsule.uasset" 157
"../../../../../../langlang/coding/unreal/unrealprojects/parkourAsses/Content/StarterContent/Shapes/Shape_Trim_90_In.uasset" 158
"../../../../../../langlang/coding/unreal/unrealprojects/parkourAsses/Content/StarterContent/Shapes/Shape_Torus.uasset" 159
"../../../../../../langlang/coding/unreal/unrealprojects/parkourAsses/Content/StarterContent/Architecture/Pillar_50x500.uasset" 160
"../../../../../../langlang/coding/unreal/unrealprojects/parkourAsses/Content/StarterContent/Architecture/Wall_Window_400x400.uasset" 161
"../../../../../../langlang/coding/unreal/unrealprojects/parkourAsses/Content/StarterContent/Audio/Explosion02.uasset" 162
"../../../../../../langlang/coding/unreal/unrealprojects/parkourAsses/Content/StarterContent/Audio/Starter_Wind06.uasset" 163
"../../../../../../langlang/coding/unreal/unrealprojects/parkourAsses/Content/StarterContent/Audio/Starter_Birds01.uasset" 164
"../../../../../../langlang/coding/unreal/unrealprojects/parkourAsses/Content/StarterContent/Audio/Fire_Sparks01.uasset" 165
"../../../../../../langlang/coding/unreal/unrealprojects/parkourAsses/Content/StarterContent/Audio/Smoke01.uasset" 166
"../../../../../../langlang/coding/unreal/unrealprojects/parkourAsses/Content/StarterContent/Audio/Collapse01.uasset" 167
"../../../../../../langlang/coding/unreal/unrealprojects/parkourAsses/Content/StarterContent/Audio/Light02.uasset" 168
"../../../../../../langlang/coding/unreal/unrealprojects/parkourAsses/Content/StarterContent/Audio/Light02_Cue.uasset" 169
"../../../../../../langlang/coding/unreal/unrealprojects/parkourAsses/Content/StarterContent/Audio/Fire01.uasset" 170
"../../../../../../langlang/coding/unreal/unrealprojects/parkourAsses/Content/StarterContent/Audio/Light01_Cue.uasset" 171
"../../../../../../langlang/coding/unreal/unrealprojects/parkourAsses/Content/StarterContent/Audio/Starter_Wind05.uasset" 172
"../../../../../../langlang/coding/unreal/unrealprojects/parkourAsses/Content/StarterContent/Audio/Steam01.uasset" 173
"../../../../../../langlang/coding/unreal/unrealprojects/parkourAsses/Content/StarterContent/Audio/Starter_Music01.uasset" 174
"../../../../../../langlang/coding/unreal/unrealprojects/parkourAsses/Content/StarterContent/Audio/Explosion01.uasset" 175
"../../../../../../langlang/coding/unreal/unrealprojects/parkourAsses/Content/StarterContent/Audio/Light01.uasset" 176
"../../../../../../langlang/coding/unreal/unrealprojects/parkourAsses/Content/StarterContent/Audio/Collapse02.uasset" 177
"../../../Engine/Content/Maps/Templates/Thumbnails/Default.uasset" 178
"../../../Engine/Content/Maps/Templates/Thumbnails/VR-Basic.uasset" 179
"../../../Engine/Content/MobileResources/T_MobileControls_texture.uasset" 180
"../../../Engine/Content/MobileResources/T_MobileMenu2.uasset" 181
"../../../Engine/Content/MobileResources/HUD/MobileHUDDirectionPad3.uasset" 182
"../../../Engine/Content/MobileResources/HUD/MobileHUDButton2_off.uasset" 183
"../../../Engine/Content/MobileResources/HUD/MobileHUDButton3.uasset" 184
"../../../Engine/Content/MobileResources/HUD/T_Castle_ThumbstickInner.uasset" 185
"../../../Engine/Content/MobileResources/HUD/MobileHUDDirectionStick.uasset" 186
"../../../Engine/Content/MobileResources/HUD/VirtualJoystick_Background.uasset" 187
"../../../Engine/Content/MobileResources/HUD/VirtualJoystick_Thumb.uasset" 188
"../../../Engine/Content/MobileResources/HUD/DefaultVirtualJoysticks.uasset" 189
"../../../Engine/Content/MobileResources/HUD/T_Castle_ThumbstickOutter.uasset" 190
"../../../Engine/Content/MobileResources/HUD/MobileHUDButton2_on.uasset" 191
"../../../Engine/Content/MobileResources/HUD/MobileHUDDirectionPad2.uasset" 192
"../../../Engine/Content/MobileResources/HUD/MobileHUDDirectionPad.uasset" 193
"../../../Engine/Content/MobileResources/HUD/AnalogHat.uasset" 194
"../../../Engine/Content/MobileResources/HUD/MobileHUDButton1_on.uasset" 195
"../../../Engine/Content/MobileResources/HUD/MobileHUDButtonFire.uasset" 196
"../../../Engine/Content/MobileResources/HUD/LeftVirtualJoystickOnly.uasset" 197
"../../../Engine/Content/MobileResources/HUD/MobileHUDButton1_off.uasset" 198
"../../../Engine/Content/Tutorial/ContentIntroCurve.uasset" 199
"../../../Engine/Content/Tutorial/Basics/LevelEditorAttract.uasset" 200
"../../../Engine/Content/EngineResources/DefaultTextureCube.uasset" 201
"../../../Engine/Content/EngineResources/DefaultTexture.uasset" 202
"../../../Engine/Content/EngineResources/Black.uasset" 203
"../../../Engine/Content/EngineResources/DefaultVolumeTexture2D.uasset" 204
"../../../Engine/Content/EngineResources/DefaultVolumeTexture.uasset" 205
"../../../Engine/Content/EngineResources/GradientTexture0.uasset" 206
"../../../Engine/Content/EditorLandscapeResources/DataLayer.uasset" 207
"../../../Engine/Content/EditorSounds/Notifications/CompileSuccess.uasset" 208
"../../../Engine/Content/EditorSounds/Notifications/CompileSuccess_Cue.uasset" 209
"../../../Engine/Content/EditorSounds/Notifications/CompileFailed.uasset" 210
"../../../Engine/Content/EditorSounds/Notifications/CompileFailed_Cue.uasset" 211
"../../../Engine/Content/EditorSounds/Notifications/CompileStart_Cue.uasset" 212
"../../../Engine/Content/EditorMaterials/Camera/CineMat.uasset" 213
"../../../Engine/Content/EditorMaterials/Camera/MI_CineMat_Rig.uasset" 214
"../../../Engine/Content/EditorMeshes/Camera/SM_CraneRig_Body.uasset" 215
"../../../Engine/Content/EditorMeshes/Camera/SM_RailRig_Mount.uasset" 216
"../../../Engine/Content/EditorMeshes/Camera/SM_CraneRig_Base.uasset" 217
"../../../Engine/Content/EditorMeshes/Camera/SM_CraneRig_Mount.uasset" 218
"../../../Engine/Content/EditorMeshes/Camera/SM_CraneRig_Arm.uasset" 219
"../../../Engine/Content/EditorMeshes/Camera/SM_RailRig_Track.uasset" 220
"../../../Engine/Content/EngineFonts/Faces/RobotoTiny.uasset" 221
"../../../Engine/Content/EngineFonts/RobotoTiny.uasset" 222
"../../../Engine/Content/EngineFonts/Faces/RobotoBold.uasset" 223
"../../../Engine/Content/EngineFonts/Faces/RobotoBoldItalic.uasset" 224
"../../../Engine/Content/EngineFonts/Faces/RobotoItalic.uasset" 225
"../../../Engine/Content/EngineFonts/Faces/RobotoLight.uasset" 226
"../../../Engine/Content/EngineFonts/Faces/RobotoRegular.uasset" 227
"../../../Engine/Content/EngineFonts/Roboto.uasset" 228
"../../../Engine/Content/EngineDamageTypes/DmgTypeBP_Environmental.uasset" 229
"../../../Engine/Content/ArtTools/RenderToTexture/Meshes/S_1_Unit_Plane.uasset" 230
"../../../Engine/Content/Animation/DefaultAnimCurveCompressionSettings.uasset" 231
"../../../Engine/Content/EngineResources/WhiteSquareTexture.uasset" 232
"../../../Engine/Content/EngineMaterials/Widget3DPassThrough.uasset" 233
"../../../Engine/Content/EngineMaterials/Widget3DPassThrough_Masked.uasset" 234
"../../../Engine/Content/EngineMaterials/WeightMapPlaceholderTexture.uasset" 235
"../../../Engine/Content/EngineMaterials/Widget3DPassThrough_Translucent.uasset" 236
"../../../Engine/Content/EngineMaterials/Widget3DPassThrough_Translucent_OneSided.uasset" 237
"../../../Engine/Content/EngineMaterials/EditorBrushMaterial.uasset" 238
"../../../Engine/Content/Functions/Engine_MaterialFunctions02/WorldPositionOffset/CameraOffset.uasset" 239
"../../../Engine/Content/EngineMaterials/PhAT_JointLimitMaterial.uasset" 240
"../../../Engine/Content/EngineMaterials/Widget3DPassThrough_Opaque.uasset" 241
"../../../Engine/Content/EngineMaterials/Widget3DPassThrough_Masked_OneSided.uasset" 242
"../../../Engine/Content/EngineMaterials/Good64x64TilingNoiseHighFreq.uasset" 243
"../../../Engine/Content/EngineMaterials/DefaultBloomKernel.uasset" 244
"../../../Engine/Content/EngineMaterials/RemoveSurfaceMaterial.uasset" 245
"../../../Engine/Content/EngineMaterials/DefaultDiffuse.uasset" 246
"../../../Engine/Content/EngineMaterials/DefaultDeferredDecalMaterial.uasset" 247
"../../../Engine/Content/Functions/Engine_MaterialFunctions02/Utility/BreakOutFloat2Components.uasset" 248
"../../../Engine/Content/EngineMaterials/DefaultPostProcessMaterial.uasset" 249
"../../../Engine/Content/EngineMaterials/DefaultPhysicalMaterial.uasset" 250
"../../../Engine/Content/EngineMaterials/BaseFlattenDiffuseMap.uasset" 251
"../../../Engine/Content/EngineMaterials/BaseFlattenEmissiveMap.uasset" 252
"../../../Engine/Content/EngineMaterials/BaseFlattenGrayscaleMap.uasset" 253
"../../../Engine/Content/EngineMaterials/BaseFlattenNormalMap.uasset" 254
"../../../Engine/Content/EngineMaterials/BaseFlattenMaterial.uasset" 255
"../../../Engine/Content/EngineMaterials/InvalidLightmapSettings.uasset" 256
"../../../Engine/Content/EngineMaterials/M_InvalidLightmapSettings.uasset" 257
"../../../Engine/Content/EngineFonts/RobotoDistanceField.uasset" 258
"../../../Engine/Content/EngineMaterials/DefaultTextMaterialOpaque.uasset" 259
"../../../Engine/Content/EngineMaterials/PreintegratedSkinBRDF.uasset" 260
"../../../Engine/Content/EngineMaterials/Widget3DPassThrough_Opaque_OneSided.uasset" 261
"../../../Engine/Content/EngineMaterials/DefaultBokeh.uasset" 262
"../../../Engine/Content/EngineMaterials/DefaultLightFunctionMaterial.uasset" 263
"../../../Engine/Content/EngineMaterials/MiniFont.uasset" 264
"../../../Engine/Content/EngineMaterials/DefaultWhiteGrid.uasset" 265
"../../../Engine/Content/EngineDebugMaterials/DebugEditorMaterial.uasset" 266
"../../../Engine/Content/EngineDebugMaterials/GeomMaterial.uasset" 267
"../../../Engine/Content/EngineDebugMaterials/HeatmapGradient.uasset" 268
"../../../Engine/Content/EngineDebugMaterials/BoneWeightMaterial.uasset" 269
"../../../Engine/Content/EngineDebugMaterials/ClothMaterial.uasset" 270
"../../../Engine/Content/EngineDebugMaterials/ClothMaterial_WF.uasset" 271
"../../../Engine/Content/EngineDebugMaterials/DebugMeshMaterial.uasset" 272
"../../../Engine/Content/EngineDebugMaterials/M_SimpleTranslucent.uasset" 273
"../../../Engine/Content/EditorResources/S_Note.uasset" 274
"../../../Engine/Content/EditorResources/S_Trigger.uasset" 275
"../../../Engine/Content/EditorResources/S_Actor.uasset" 276
"../../../Engine/Content/EditorResources/EmptyActor.uasset" 277
"../../../Engine/Content/EditorResources/BSPVertex.uasset" 278
"../../../Engine/Content/EditorResources/SequenceRecorder/Countdown.uasset" 279
"../../../Engine/Content/EditorResources/SequenceRecorder/RecordingIndicator.uasset" 280
"../../../Engine/Content/EditorResources/AudioIcons/S_AudioComponent_AutoActivate.uasset" 281
"../../../Engine/Content/EditorResources/AudioIcons/S_AudioComponent.uasset" 282
"../../../Engine/Content/EditorResources/LightIcons/S_LightError.uasset" 283
"../../../Engine/Content/Functions/Engine_MaterialFunctions01/Shading/ConvertFromDiffSpec.uasset" 284
"../../../Engine/Content/Functions/Engine_MaterialFunctions01/Shading/PowerToRoughness.uasset" 285
"../../../Engine/Content/EditorMaterials/PreviewShadowIndicator.uasset" 286
"../../../Engine/Content/EditorMaterials/PreviewShadowIndicatorMaterial.uasset" 287
"../../../Engine/Content/EditorMaterials/GizmoMaterial.uasset" 288
"../../../Engine/Content/EditorMaterials/MAT_Groups_Toggle.uasset" 289
"../../../Engine/Content/EditorMaterials/MAT_Groups_Visibility.uasset" 290
"../../../Engine/Content/EditorMaterials/ParticleSystems/PSysThumbnail_NoImage.uasset" 291
"../../../Engine/Content/EditorMaterials/ParticleSystems/PSysThumbnail_OOD.uasset" 292
"../../../Engine/Content/EditorMaterials/MatineeGroups/MAT_Groups_Vector.uasset" 293
"../../../Engine/Content/EditorMaterials/MatineeGroups/MAT_ColorTrack.uasset" 294
"../../../Engine/Content/EditorMaterials/MatineeGroups/MAT_Groups_AudioMaster.uasset" 295
"../../../Engine/Content/EditorMaterials/MatineeGroups/MAT_Groups_Sound.uasset" 296
"../../../Engine/Content/EditorMaterials/MatineeGroups/MAT_Groups_Float.uasset" 297
"../../../Engine/Content/EditorMaterials/MatineeGroups/MAT_Groups_Director.uasset" 298
"../../../Engine/Content/EditorMaterials/MatineeGroups/MAT_Groups_Move.uasset" 299
"../../../Engine/Content/EditorMaterials/MatineeGroups/MAT_Groups_Event.uasset" 300
"../../../Engine/Content/EditorMaterials/MatineeGroups/MAT_Groups_Fade.uasset" 301
"../../../Engine/Content/EditorMaterials/MatineeGroups/MAT_Groups_Anim.uasset" 302
"../../../Engine/Content/EditorMaterials/MatineeGroups/MAT_Groups_Slomo.uasset" 303
"../../../Engine/Content/EngineSounds/Master.uasset" 304
"../../../Engine/Content/EngineMeshes/Cylinder.uasset" 305
"../../../Engine/Content/EngineMeshes/Sphere.uasset" 306
"../../../Engine/Content/VREditor/LaserPointer/VR_LaserPower_01.uasset" 307
"../../../Engine/Content/VREditor/TransformGizmo/TransformGizmoMaterial.uasset" 308
"../../../Engine/Content/VREditor/TransformGizmo/TranslucentTransformGizmoMaterial.uasset" 309
"../../../Engine/Content/VREditor/TransformGizmo/PlaneTranslationHandle.uasset" 310
"../../../Engine/Content/VREditor/TransformGizmo/Main.uasset" 311
"../../../Engine/Content/VREditor/TransformGizmo/Xray.uasset" 312
"../../../Engine/Content/VREditor/TransformGizmo/SM_Sequencer_Key.uasset" 313
"../../../Engine/Content/VREditor/TransformGizmo/BoundingBoxCorner.uasset" 314
"../../../Engine/Content/VREditor/TransformGizmo/SM_Sequencer_Node.uasset" 315
"../../../Engine/Content/VREditor/TransformGizmo/BoundingBoxEdge.uasset" 316
"../../Plugins/2D/Paper2D/Content/PlaceholderTextures/DummySpriteTexture.uasset" 317
"../../Plugins/2D/Paper2D/Content/DummySpriteTexture.uasset" 318
"../../Plugins/2D/Paper2D/Content/DefaultSpriteMaterial.uasset" 319
"../../Plugins/2D/Paper2D/Content/OpaqueUnlitSpriteMaterial.uasset" 320
"../../Plugins/2D/Paper2D/Content/DummySprite.uasset" 321
"../../Plugins/2D/Paper2D/Content/DefaultPaperTerrainMaterial.uasset" 322
"../../Plugins/2D/Paper2D/Content/MaskedUnlitSpriteMaterial.uasset" 323
"../../../../../../langlang/coding/unreal/unrealprojects/parkourAsses/Content/blueprints/levelspecific/4_troll.uasset" 324
"../../../Engine/Content/EngineSky/C_Sky_Cloud_Color.uasset" 325
"../../../Engine/Content/EngineSky/C_Sky_Horizon_Color.uasset" 326
"../../../Engine/Content/EngineSky/C_Sky_Zenith_Color.uasset" 327
"../../../Engine/Content/EngineSky/T_Sky_Blue.uasset" 328
"../../../Engine/Content/EngineSky/T_Sky_Clouds_M.uasset" 329
"../../../Engine/Content/EngineSky/T_Sky_Stars.uasset" 330
"../../../Engine/Content/EngineSky/M_Sky_Panning_Clouds2.uasset" 331
"../../../Engine/Content/EngineSky/SM_SkySphere.uasset" 332
"../../../Engine/Content/EngineSky/BP_Sky_Sphere.uasset" 333
"../../../../../../langlang/coding/unreal/unrealprojects/parkourAsses/Content/StarterContent/Materials/M_Metal_Chrome.uasset" 334
"../../../../../../langlang/coding/unreal/unrealprojects/parkourAsses/Content/blueprints/Platform.uasset" 335
"../../../../../../langlang/coding/unreal/unrealprojects/parkourAsses/Content/blueprints/traps/beam.uasset" 336
"../../../../../../langlang/coding/unreal/unrealprojects/parkourAsses/Content/FirstPersonBP/Maps/level43d_BuiltData.uasset" 337
"../../../../../../langlang/coding/unreal/unrealprojects/parkourAsses/Content/FirstPersonBP/Maps/level43d.umap" 338
"../../../../../../langlang/coding/unreal/unrealprojects/parkourAsses/Content/blueprints/deco/fridge.uasset" 339
"../../../../../../langlang/coding/unreal/unrealprojects/parkourAsses/Content/blueprints/floor.uasset" 340
"../../../../../../langlang/coding/unreal/unrealprojects/parkourAsses/Content/blueprints/traps/actuation.uasset" 341
"../../../Engine/Content/BasicShapes/Sphere.uasset" 342
"../../../../../../langlang/coding/unreal/unrealprojects/parkourAsses/Content/blueprints/traps/bolder.uasset" 343
"../../../../../../langlang/coding/unreal/unrealprojects/parkourAsses/Content/blueprints/traps/breaks.uasset" 344
"../../../../../../langlang/coding/unreal/unrealprojects/parkourAsses/Content/blueprints/traps/confusion.uasset" 345
"../../../../../../langlang/coding/unreal/unrealprojects/parkourAsses/Content/blueprints/traps/dissapear.uasset" 346
"../../../../../../langlang/coding/unreal/unrealprojects/parkourAsses/Content/blueprints/traps/dissapear_reappear.uasset" 347
"../../../../../../langlang/coding/unreal/unrealprojects/parkourAsses/Content/StarterContent/Textures/T_Wood_Oak_D.uasset" 348
"../../../../../../langlang/coding/unreal/unrealprojects/parkourAsses/Content/StarterContent/Textures/T_Wood_Oak_N.uasset" 349
"../../../../../../langlang/coding/unreal/unrealprojects/parkourAsses/Content/StarterContent/Materials/M_Wood_Oak.uasset" 350
"../../../Engine/Content/BasicShapes/Cone.uasset" 351
"../../../../../../langlang/coding/unreal/unrealprojects/parkourAsses/Content/blueprints/traps/spike.uasset" 352
"../../../../../../langlang/coding/unreal/unrealprojects/parkourAsses/Content/FirstPerson/Textures/FirstPersonCrosshair.uasset" 353
"../../../../../../langlang/coding/unreal/unrealprojects/parkourAsses/Content/FirstPersonBP/Blueprints/FirstPersonHUD.uasset" 354
"../../../../../../langlang/coding/unreal/unrealprojects/parkourAsses/Content/FirstPersonBP/Blueprints/FirstPersonGameMode.uasset" 355
"../../../../../../langlang/coding/unreal/unrealprojects/parkourAsses/Content/FirstPersonBP/Maps/assetsmap_BuiltData.uasset" 356
"../../../../../../langlang/coding/unreal/unrealprojects/parkourAsses/Content/FirstPersonBP/Maps/assetsmap.umap" 357
"../../../../../../langlang/coding/unreal/unrealprojects/parkourAsses/Content/blueprints/elevators/endportal.uasset" 358
"../../../../../../langlang/coding/unreal/unrealprojects/parkourAsses/Content/blueprints/elevatortest/endportal.uasset" 359
"../../../../../../langlang/coding/unreal/unrealprojects/parkourAsses/Content/blueprints/elevatortest/inportal.uasset" 360
"../../../../../../langlang/coding/unreal/unrealprojects/parkourAsses/Content/blueprints/tutorialcubes.uasset" 361
"../../../../../../langlang/coding/unreal/unrealprojects/parkourAsses/Content/FirstPersonBP/Maps/tutorial_BuiltData.uasset" 362
"../../../Engine/Content/MapTemplates/SM_Template_Map_Floor.uasset" 363
"../../../../../../langlang/coding/unreal/unrealprojects/parkourAsses/Content/FirstPersonBP/Maps/tutorial.umap" 364
"../../../../../../langlang/coding/unreal/unrealprojects/parkourAsses/Content/blueprints/movingplatformleftright.uasset" 365
"../../../../../../langlang/coding/unreal/unrealprojects/parkourAsses/Content/blueprints/movingplatform3_Blueprint.uasset" 366
"../../../../../../langlang/coding/unreal/unrealprojects/parkourAsses/Content/blueprints/movingplatformupdown.uasset" 367
"../../../../../../langlang/coding/unreal/unrealprojects/parkourAsses/Content/blueprints/trapswithbeams/dissapearwithbeam.uasset" 368
"../../../../../../langlang/coding/unreal/unrealprojects/parkourAsses/Content/FirstPersonBP/Maps/level1_BuiltData.uasset" 369
"../../../Engine/Content/Functions/Engine_MaterialFunctions01/Opacity/AlphaOffset.uasset" 370
"../../../../../../langlang/coding/unreal/unrealprojects/parkourAsses/Content/StarterContent/Materials/M_Wood_Floor_Walnut_Worn.uasset" 371
"../../../../../../langlang/coding/unreal/unrealprojects/parkourAsses/Content/FirstPersonBP/Maps/level1.umap" 372
"../../../../../../langlang/coding/unreal/unrealprojects/parkourAsses/Content/blueprints/levelspecific/4_to3d.uasset" 373
"../../../../../../langlang/coding/unreal/unrealprojects/parkourAsses/Content/blueprints/trapswithbeams/disappearreappearwithbeam.uasset" 374
"../../../../../../langlang/coding/unreal/unrealprojects/parkourAsses/Content/FirstPersonBP/Maps/level42d_BuiltData.uasset" 375
"../../../Engine/Content/MapTemplates/Sky/DaylightAmbientCubemap.uasset" 376
"../../../../../../langlang/coding/unreal/unrealprojects/parkourAsses/Content/StarterContent/Blueprints/Assets/M_LightStage_Skybox_Master.uasset" 377
"../../../../../../langlang/coding/unreal/unrealprojects/parkourAsses/Content/StarterContent/Blueprints/Assets/M_LightStage_Skybox_Black.uasset" 378
"../../../../../../langlang/coding/unreal/unrealprojects/parkourAsses/Content/FirstPersonBP/Maps/level42d.umap" 379
"../../../../../../langlang/coding/unreal/unrealprojects/parkourAsses/Content/FirstPersonBP/Maps/level3_BuiltData.uasset" 380
"../../../../../../langlang/coding/unreal/unrealprojects/parkourAsses/Content/FirstPersonBP/Maps/level3.umap" 381
"../../../../../../langlang/coding/unreal/unrealprojects/parkourAsses/Content/StarterContent/Textures/T_Metal_Gold_D.uasset" 382
"../../../../../../langlang/coding/unreal/unrealprojects/parkourAsses/Content/StarterContent/Textures/T_Metal_Gold_N.uasset" 383
"../../../../../../langlang/coding/unreal/unrealprojects/parkourAsses/Content/StarterContent/Materials/M_Metal_Gold.uasset" 384
"../../../../../../langlang/coding/unreal/unrealprojects/parkourAsses/Content/StarterContent/Architecture/Wall_Door_400x400.uasset" 385
"../../../../../../langlang/coding/unreal/unrealprojects/parkourAsses/Content/blueprints/levelspecific/2_house.uasset" 386
"../../../../../../langlang/coding/unreal/unrealprojects/parkourAsses/Content/FirstPersonBP/Maps/level2.umap" 387
"../../../../../../langlang/coding/unreal/unrealprojects/parkourAsses/Content/FirstPersonBP/Maps/level5_BuiltData.uasset" 388
"../../../../../../langlang/coding/unreal/unrealprojects/parkourAsses/Content/FirstPersonBP/Maps/level5.umap" 389
"../../../../../../langlang/coding/unreal/unrealprojects/parkourAsses/Content/blueprints/levelspecific/4_to2d.uasset" 390
"../../../../../../langlang/coding/unreal/unrealprojects/parkourAsses/Content/FirstPersonBP/Maps/level4_BuiltData.uasset" 391
"../../../../../../langlang/coding/unreal/unrealprojects/parkourAsses/Content/FirstPersonBP/Maps/level4.umap" 392
"../../../../../../langlang/coding/unreal/unrealprojects/parkourAsses/Content/StarterContent/Blueprints/Assets/FogBrightnessLUT.uasset" 393
"../../../../../../langlang/coding/unreal/unrealprojects/parkourAsses/Content/StarterContent/Blueprints/Assets/SunlightColorLUT.uasset" 394
"../../../../../../langlang/coding/unreal/unrealprojects/parkourAsses/Content/StarterContent/Blueprints/Assets/M_LightStage_Arrows.uasset" 395
"../../../../../../langlang/coding/unreal/unrealprojects/parkourAsses/Content/StarterContent/Blueprints/Assets/M_LightStage_Skybox_HDRI.uasset" 396
"../../../Engine/Content/EditorMaterials/Thumbnails/SkySphereMaterial.uasset" 397
"../../../../../../langlang/coding/unreal/unrealprojects/parkourAsses/Content/StarterContent/Blueprints/Assets/Skybox.uasset" 398
"../../../../../../langlang/coding/unreal/unrealprojects/parkourAsses/Content/StarterContent/Blueprints/Assets/SM_Arrows.uasset" 399
"../../../../../../langlang/coding/unreal/unrealprojects/parkourAsses/Content/StarterContent/HDRI/HDRI_Epic_Courtyard_Daylight.uasset" 400
"../../../../../../langlang/coding/unreal/unrealprojects/parkourAsses/Content/StarterContent/Blueprints/BP_LightStudio.uasset" 401
"../../../../../../langlang/coding/unreal/unrealprojects/parkourAsses/Content/StarterContent/Maps/Advanced_Lighting_BuiltData.uasset" 402
"../../../Engine/Content/EditorMeshes/ColorCalibrator/M_ChromeBall.uasset" 403
"../../../Engine/Content/EditorMeshes/ColorCalibrator/M_ClearCoat.uasset" 404
"../../../Engine/Content/EditorMeshes/ColorCalibrator/M_ClearCoatBlack.uasset" 405
"../../../Engine/Content/EditorMeshes/ColorCalibrator/Color_checker.uasset" 406
"../../../Engine/Content/EditorMeshes/ColorCalibrator/M_ColorGrid.uasset" 407
"../../../Engine/Content/EditorMeshes/ColorCalibrator/M_GreyBall.uasset" 408
"../../../Engine/Content/EditorMeshes/ColorCalibrator/SM_ColorCalibrator.uasset" 409
"../../../../../../langlang/coding/unreal/unrealprojects/parkourAsses/Content/StarterContent/Architecture/SM_AssetPlatform.uasset" 410
"../../../../../../langlang/coding/unreal/unrealprojects/parkourAsses/Content/StarterContent/Maps/Advanced_Lighting.umap" 411
"../../../../../../langlang/coding/unreal/unrealprojects/parkourAsses/Content/StarterContent/Audio/Fire01_Cue.uasset" 412
"../../../../../../langlang/coding/unreal/unrealprojects/parkourAsses/Content/StarterContent/Textures/T_Fire_SubUV.uasset" 413
"../../../../../../langlang/coding/unreal/unrealprojects/parkourAsses/Content/StarterContent/Textures/T_Fire_Tiled_D.uasset" 414
"../../../../../../langlang/coding/unreal/unrealprojects/parkourAsses/Content/StarterContent/Particles/Materials/M_Fire_SubUV.uasset" 415
"../../../../../../langlang/coding/unreal/unrealprojects/parkourAsses/Content/StarterContent/Textures/T_Water_N.uasset" 416
"../../../../../../langlang/coding/unreal/unrealprojects/parkourAsses/Content/StarterContent/Particles/Materials/M_Heat_Distortion.uasset" 417
"../../../../../../langlang/coding/unreal/unrealprojects/parkourAsses/Content/StarterContent/Particles/Materials/M_Radial_Gradient.uasset" 418
"../../../../../../langlang/coding/unreal/unrealprojects/parkourAsses/Content/StarterContent/Particles/P_Fire.uasset" 419
"../../../../../../langlang/coding/unreal/unrealprojects/parkourAsses/Content/StarterContent/Blueprints/Blueprint_Effect_Fire.uasset" 420
"../../../../../../langlang/coding/unreal/unrealprojects/parkourAsses/Content/StarterContent/Audio/Smoke01_Cue.uasset" 421
"../../../../../../langlang/coding/unreal/unrealprojects/parkourAsses/Content/StarterContent/Particles/P_Smoke.uasset" 422
"../../../../../../langlang/coding/unreal/unrealprojects/parkourAsses/Content/StarterContent/Blueprints/Blueprint_Effect_Smoke.uasset" 423
"../../../../../../langlang/coding/unreal/unrealprojects/parkourAsses/Content/StarterContent/Audio/Fire_Sparks01_Cue.uasset" 424
"../../../../../../langlang/coding/unreal/unrealprojects/parkourAsses/Content/StarterContent/Textures/T_Spark_Core.uasset" 425
"../../../../../../langlang/coding/unreal/unrealprojects/parkourAsses/Content/StarterContent/Particles/Materials/M_Spark.uasset" 426
"../../../../../../langlang/coding/unreal/unrealprojects/parkourAsses/Content/StarterContent/Particles/P_Sparks.uasset" 427
"../../../../../../langlang/coding/unreal/unrealprojects/parkourAsses/Content/StarterContent/Blueprints/Blueprint_Effect_Sparks.uasset" 428
"../../../../../../langlang/coding/unreal/unrealprojects/parkourAsses/Content/StarterContent/Audio/Steam01_Cue.uasset" 429
"../../../../../../langlang/coding/unreal/unrealprojects/parkourAsses/Content/StarterContent/Particles/P_Steam_Lit.uasset" 430
"../../../../../../langlang/coding/unreal/unrealprojects/parkourAsses/Content/StarterContent/Blueprints/Blueprint_Effect_Steam.uasset" 431
"../../../../../../langlang/coding/unreal/unrealprojects/parkourAsses/Content/StarterContent/Textures/T_Lamp_M.uasset" 432
"../../../../../../langlang/coding/unreal/unrealprojects/parkourAsses/Content/StarterContent/Textures/T_Lamp_N.uasset" 433
"../../../../../../langlang/coding/unreal/unrealprojects/parkourAsses/Content/StarterContent/Props/Materials/M_Lamp.uasset" 434
"../../../../../../langlang/coding/unreal/unrealprojects/parkourAsses/Content/StarterContent/Props/SM_Lamp_Ceiling.uasset" 435
"../../../../../../langlang/coding/unreal/unrealprojects/parkourAsses/Content/StarterContent/Blueprints/Blueprint_CeilingLight.uasset" 436
"../../../../../../langlang/coding/unreal/unrealprojects/parkourAsses/Content/StarterContent/Props/SM_Lamp_Wall.uasset" 437
"../../../../../../langlang/coding/unreal/unrealprojects/parkourAsses/Content/StarterContent/Blueprints/Blueprint_WallSconce.uasset" 438
"../../../../../../langlang/coding/unreal/unrealprojects/parkourAsses/Content/StarterContent/Maps/StarterMap_BuiltData.uasset" 439
"../../../Engine/Content/Functions/Engine_MaterialFunctions03/Procedurals/ComputeFilterWidth.uasset" 440
"../../../Engine/Content/EngineMaterials/AntiAliasedTextMaterialTranslucent.uasset" 441
"../../../../../../langlang/coding/unreal/unrealprojects/parkourAsses/Content/StarterContent/Textures/T_Brick_Clay_Beveled_D.uasset" 442
"../../../../../../langlang/coding/unreal/unrealprojects/parkourAsses/Content/StarterContent/Textures/T_Brick_Clay_Beveled_M.uasset" 443
"../../../../../../langlang/coding/unreal/unrealprojects/parkourAsses/Content/StarterContent/Textures/T_Brick_Clay_Beveled_N.uasset" 444
"../../../../../../langlang/coding/unreal/unrealprojects/parkourAsses/Content/StarterContent/Materials/M_Brick_Clay_Beveled.uasset" 445
"../../../../../../langlang/coding/unreal/unrealprojects/parkourAsses/Content/StarterContent/Textures/T_Brick_Clay_New_D.uasset" 446
"../../../../../../langlang/coding/unreal/unrealprojects/parkourAsses/Content/StarterContent/Textures/T_Brick_Clay_New_M.uasset" 447
"../../../../../../langlang/coding/unreal/unrealprojects/parkourAsses/Content/StarterContent/Textures/T_Brick_Clay_New_N.uasset" 448
"../../../../../../langlang/coding/unreal/unrealprojects/parkourAsses/Content/StarterContent/Materials/M_Brick_Clay_New.uasset" 449
"../../../../../../langlang/coding/unreal/unrealprojects/parkourAsses/Content/StarterContent/Textures/T_Brick_Clay_Old_D.uasset" 450
"../../../../../../langlang/coding/unreal/unrealprojects/parkourAsses/Content/StarterContent/Textures/T_Brick_Clay_Old_N.uasset" 451
"../../../../../../langlang/coding/unreal/unrealprojects/parkourAsses/Content/StarterContent/Materials/M_Brick_Clay_Old.uasset" 452
"../../../../../../langlang/coding/unreal/unrealprojects/parkourAsses/Content/StarterContent/Textures/T_Brick_Cut_Stone_D.uasset" 453
"../../../../../../langlang/coding/unreal/unrealprojects/parkourAsses/Content/StarterContent/Textures/T_Brick_Cut_Stone_N.uasset" 454
"../../../../../../langlang/coding/unreal/unrealprojects/parkourAsses/Content/StarterContent/Materials/M_Brick_Cut_Stone.uasset" 455
"../../../../../../langlang/coding/unreal/unrealprojects/parkourAsses/Content/StarterContent/Textures/T_Brick_Hewn_Stone_D.uasset" 456
"../../../../../../langlang/coding/unreal/unrealprojects/parkourAsses/Content/StarterContent/Textures/T_Brick_Hewn_Stone_M.uasset" 457
"../../../../../../langlang/coding/unreal/unrealprojects/parkourAsses/Content/StarterContent/Textures/T_Brick_Hewn_Stone_N.uasset" 458
"../../../../../../langlang/coding/unreal/unrealprojects/parkourAsses/Content/StarterContent/Materials/M_Brick_Hewn_Stone.uasset" 459
"../../../../../../langlang/coding/unreal/unrealprojects/parkourAsses/Content/StarterContent/Textures/T_Ceramic_Tile_M.uasset" 460
"../../../../../../langlang/coding/unreal/unrealprojects/parkourAsses/Content/StarterContent/Textures/T_Ceramic_Tile_N.uasset" 461
"../../../../../../langlang/coding/unreal/unrealprojects/parkourAsses/Content/StarterContent/Textures/T_Rock_Marble_Polished_D.uasset" 462
"../../../../../../langlang/coding/unreal/unrealprojects/parkourAsses/Content/StarterContent/Materials/M_Ceramic_Tile_Checker.uasset" 463
"../../../../../../langlang/coding/unreal/unrealprojects/parkourAsses/Content/StarterContent/Textures/T_CobbleStone_Pebble_D.uasset" 464
"../../../../../../langlang/coding/unreal/unrealprojects/parkourAsses/Content/StarterContent/Textures/T_CobbleStone_Pebble_M.uasset" 465
"../../../../../../langlang/coding/unreal/unrealprojects/parkourAsses/Content/StarterContent/Textures/T_CobbleStone_Pebble_N.uasset" 466
"../../../../../../langlang/coding/unreal/unrealprojects/parkourAsses/Content/StarterContent/Materials/M_CobbleStone_Pebble.uasset" 467
"../../../../../../langlang/coding/unreal/unrealprojects/parkourAsses/Content/StarterContent/Textures/T_CobbleStone_Rough_D.uasset" 468
"../../../../../../langlang/coding/unreal/unrealprojects/parkourAsses/Content/StarterContent/Textures/T_CobbleStone_Rough_N.uasset" 469
"../../../../../../langlang/coding/unreal/unrealprojects/parkourAsses/Content/StarterContent/Textures/T_Gradinet_01.uasset" 470
"../../../../../../langlang/coding/unreal/unrealprojects/parkourAsses/Content/StarterContent/Textures/T_Rock_Smooth_Granite_D.uasset" 471
"../../../../../../langlang/coding/unreal/unrealprojects/parkourAsses/Content/StarterContent/Materials/M_CobbleStone_Rough.uasset" 472
"../../../../../../langlang/coding/unreal/unrealprojects/parkourAsses/Content/StarterContent/Textures/T_CobbleStone_Smooth_D.uasset" 473
"../../../../../../langlang/coding/unreal/unrealprojects/parkourAsses/Content/StarterContent/Textures/T_CobbleStone_Smooth_M.uasset" 474
"../../../../../../langlang/coding/unreal/unrealprojects/parkourAsses/Content/StarterContent/Textures/T_CobbleStone_Smooth_N.uasset" 475
"../../../../../../langlang/coding/unreal/unrealprojects/parkourAsses/Content/StarterContent/Materials/M_CobbleStone_Smooth.uasset" 476
"../../../../../../langlang/coding/unreal/unrealprojects/parkourAsses/Content/StarterContent/Textures/T_Concrete_Grime_D.uasset" 477
"../../../../../../langlang/coding/unreal/unrealprojects/parkourAsses/Content/StarterContent/Textures/T_Metal_Rust_N.uasset" 478
"../../../../../../langlang/coding/unreal/unrealprojects/parkourAsses/Content/StarterContent/Materials/M_Concrete_Grime.uasset" 479
"../../../../../../langlang/coding/unreal/unrealprojects/parkourAsses/Content/StarterContent/Textures/T_Concrete_Panels_D.uasset" 480
"../../../../../../langlang/coding/unreal/unrealprojects/parkourAsses/Content/StarterContent/Textures/T_Concrete_Panels_N.uasset" 481
"../../../../../../langlang/coding/unreal/unrealprojects/parkourAsses/Content/StarterContent/Materials/M_Concrete_Panels.uasset" 482
"../../../../../../langlang/coding/unreal/unrealprojects/parkourAsses/Content/StarterContent/Textures/T_Concrete_Poured_D.uasset" 483
"../../../../../../langlang/coding/unreal/unrealprojects/parkourAsses/Content/StarterContent/Textures/T_Concrete_Poured_N.uasset" 484
"../../../../../../langlang/coding/unreal/unrealprojects/parkourAsses/Content/StarterContent/Materials/M_Concrete_Poured.uasset" 485
"../../../../../../langlang/coding/unreal/unrealprojects/parkourAsses/Content/StarterContent/Textures/T_Concrete_Tiles_D.uasset" 486
"../../../../../../langlang/coding/unreal/unrealprojects/parkourAsses/Content/StarterContent/Textures/T_Concrete_Tiles_M.uasset" 487
"../../../../../../langlang/coding/unreal/unrealprojects/parkourAsses/Content/StarterContent/Textures/T_Concrete_Tiles_N.uasset" 488
"../../../../../../langlang/coding/unreal/unrealprojects/parkourAsses/Content/StarterContent/Textures/T_Concrete_Tiles_Variation_M.uasset" 489
"../../../../../../langlang/coding/unreal/unrealprojects/parkourAsses/Content/StarterContent/Materials/M_Concrete_Tiles.uasset" 490
"../../../../../../langlang/coding/unreal/unrealprojects/parkourAsses/Content/StarterContent/Textures/T_Ground_Grass_D.uasset" 491
"../../../../../../langlang/coding/unreal/unrealprojects/parkourAsses/Content/StarterContent/Textures/T_Ground_Grass_N.uasset" 492
"../../../../../../langlang/coding/unreal/unrealprojects/parkourAsses/Content/StarterContent/Materials/M_Ground_Grass.uasset" 493
"../../../../../../langlang/coding/unreal/unrealprojects/parkourAsses/Content/StarterContent/Textures/T_Ground_Gravel_D.uasset" 494
"../../../../../../langlang/coding/unreal/unrealprojects/parkourAsses/Content/StarterContent/Textures/T_Ground_Gravel_N.uasset" 495
"../../../../../../langlang/coding/unreal/unrealprojects/parkourAsses/Content/StarterContent/Materials/M_Ground_Gravel.uasset" 496
"../../../../../../langlang/coding/unreal/unrealprojects/parkourAsses/Content/StarterContent/Textures/T_ground_Moss_D.uasset" 497
"../../../../../../langlang/coding/unreal/unrealprojects/parkourAsses/Content/StarterContent/Textures/T_Ground_Moss_N.uasset" 498
"../../../../../../langlang/coding/unreal/unrealprojects/parkourAsses/Content/StarterContent/Materials/M_Ground_Moss.uasset" 499
"../../../../../../langlang/coding/unreal/unrealprojects/parkourAsses/Content/StarterContent/Materials/M_Metal_Brushed_Nickel.uasset" 500
"../../../../../../langlang/coding/unreal/unrealprojects/parkourAsses/Content/StarterContent/Textures/T_Metal_Aluminum_D.uasset" 501
"../../../../../../langlang/coding/unreal/unrealprojects/parkourAsses/Content/StarterContent/Materials/M_Metal_Burnished_Steel.uasset" 502
"../../../../../../langlang/coding/unreal/unrealprojects/parkourAsses/Content/StarterContent/Textures/T_Metal_Copper_D.uasset" 503
"../../../../../../langlang/coding/unreal/unrealprojects/parkourAsses/Content/StarterContent/Materials/M_Metal_Copper.uasset" 504
"../../../../../../langlang/coding/unreal/unrealprojects/parkourAsses/Content/StarterContent/Textures/T_Metal_Rust_D.uasset" 505
"../../../../../../langlang/coding/unreal/unrealprojects/parkourAsses/Content/StarterContent/Materials/M_Metal_Rust.uasset" 506
"../../../../../../langlang/coding/unreal/unrealprojects/parkourAsses/Content/StarterContent/Textures/T_Metal_Steel_D.uasset" 507
"../../../../../../langlang/coding/unreal/unrealprojects/parkourAsses/Content/StarterContent/Textures/T_Metal_Steel_N.uasset" 508
"../../../../../../langlang/coding/unreal/unrealprojects/parkourAsses/Content/StarterContent/Materials/M_Metal_Steel.uasset" 509
"../../../../../../langlang/coding/unreal/unrealprojects/parkourAsses/Content/StarterContent/Textures/T_Rock_Basalt_N.uasset" 510
"../../../../../../langlang/coding/unreal/unrealprojects/parkourAsses/Content/StarterContent/Materials/M_Rock_Basalt.uasset" 511
"../../../../../../langlang/coding/unreal/unrealprojects/parkourAsses/Content/StarterContent/Materials/M_Rock_Marble_Polished.uasset" 512
"../../../../../../langlang/coding/unreal/unrealprojects/parkourAsses/Content/StarterContent/Textures/T_Rock_Sandstone_D.uasset" 513
"../../../../../../langlang/coding/unreal/unrealprojects/parkourAsses/Content/StarterContent/Textures/T_Rock_Sandstone_N.uasset" 514
"../../../../../../langlang/coding/unreal/unrealprojects/parkourAsses/Content/StarterContent/Materials/M_Rock_Sandstone.uasset" 515
"../../../../../../langlang/coding/unreal/unrealprojects/parkourAsses/Content/StarterContent/Textures/T_Rock_Slate_D.uasset" 516
"../../../../../../langlang/coding/unreal/unrealprojects/parkourAsses/Content/StarterContent/Textures/T_Rock_Slate_N.uasset" 517
"../../../../../../langlang/coding/unreal/unrealprojects/parkourAsses/Content/StarterContent/Materials/M_Rock_Slate.uasset" 518
"../../../../../../langlang/coding/unreal/unrealprojects/parkourAsses/Content/StarterContent/Textures/T_Checker_Noise_M.uasset" 519
"../../../../../../langlang/coding/unreal/unrealprojects/parkourAsses/Content/StarterContent/Textures/T_Single_Tile_N.uasset" 520
"../../../../../../langlang/coding/unreal/unrealprojects/parkourAsses/Content/StarterContent/Textures/T_Tech_Dot_M.uasset" 521
"../../../../../../langlang/coding/unreal/unrealprojects/parkourAsses/Content/StarterContent/Textures/T_Tech_Dot_N.uasset" 522
"../../../../../../langlang/coding/unreal/unrealprojects/parkourAsses/Content/StarterContent/Materials/M_Tech_Checker_Dot.uasset" 523
"../../../../../../langlang/coding/unreal/unrealprojects/parkourAsses/Content/StarterContent/Textures/T_Tech_Hex_Tile_M.uasset" 524
"../../../../../../langlang/coding/unreal/unrealprojects/parkourAsses/Content/StarterContent/Textures/T_Tech_Hex_Tile_N.uasset" 525
"../../../../../../langlang/coding/unreal/unrealprojects/parkourAsses/Content/StarterContent/Materials/M_Tech_Hex_Tile.uasset" 526
"../../../../../../langlang/coding/unreal/unrealprojects/parkourAsses/Content/StarterContent/Materials/M_Tech_Hex_Tile_Pulse.uasset" 527
"../../../../../../langlang/coding/unreal/unrealprojects/parkourAsses/Content/StarterContent/Textures/T_Tech_Panel_M.uasset" 528
"../../../../../../langlang/coding/unreal/unrealprojects/parkourAsses/Content/StarterContent/Textures/T_Tech_Panel_N.uasset" 529
"../../../../../../langlang/coding/unreal/unrealprojects/parkourAsses/Content/StarterContent/Materials/M_Tech_Panel.uasset" 530
"../../../../../../langlang/coding/unreal/unrealprojects/parkourAsses/Content/StarterContent/Materials/M_Water_Lake.uasset" 531
"../../../../../../langlang/coding/unreal/unrealprojects/parkourAsses/Content/StarterContent/Textures/T_Water_M.uasset" 532
"../../../../../../langlang/coding/unreal/unrealprojects/parkourAsses/Content/StarterContent/Materials/M_Water_Ocean.uasset" 533
"../../../../../../langlang/coding/unreal/unrealprojects/parkourAsses/Content/StarterContent/Textures/T_Wood_Walnut_D.uasset" 534
"../../../../../../langlang/coding/unreal/unrealprojects/parkourAsses/Content/StarterContent/Textures/T_Wood_Walnut_N.uasset" 535
"../../../../../../langlang/coding/unreal/unrealprojects/parkourAsses/Content/StarterContent/Materials/M_Wood_Walnut.uasset" 536
"../../../../../../langlang/coding/unreal/unrealprojects/parkourAsses/Content/StarterContent/Architecture/Wall_400x200.uasset" 537
"../../../../../../langlang/coding/unreal/unrealprojects/parkourAsses/Content/StarterContent/Architecture/Wall_Window_400x300.uasset" 538
"../../../../../../langlang/coding/unreal/unrealprojects/parkourAsses/Content/StarterContent/Audio/Collapse_Cue.uasset" 539
"../../../../../../langlang/coding/unreal/unrealprojects/parkourAsses/Content/StarterContent/Audio/Starter_Background_Cue.uasset" 540
"../../../../../../langlang/coding/unreal/unrealprojects/parkourAsses/Content/StarterContent/Audio/Starter_Music_Cue.uasset" 541
"../../../../../../langlang/coding/unreal/unrealprojects/parkourAsses/Content/StarterContent/Textures/T_Dust_Particle_D.uasset" 542
"../../../../../../langlang/coding/unreal/unrealprojects/parkourAsses/Content/StarterContent/Particles/Materials/M_Dust_Particle.uasset" 543
"../../../../../../langlang/coding/unreal/unrealprojects/parkourAsses/Content/StarterContent/Particles/P_Ambient_Dust.uasset" 544
"../../../../../../langlang/coding/unreal/unrealprojects/parkourAsses/Content/StarterContent/Props/MaterialSphere.uasset" 545
"../../../../../../langlang/coding/unreal/unrealprojects/parkourAsses/Content/StarterContent/Props/SM_Chair.uasset" 546
"../../../../../../langlang/coding/unreal/unrealprojects/parkourAsses/Content/StarterContent/Textures/T_Frame_M.uasset" 547
"../../../../../../langlang/coding/unreal/unrealprojects/parkourAsses/Content/StarterContent/Textures/T_Frame_N.uasset" 548
"../../../../../../langlang/coding/unreal/unrealprojects/parkourAsses/Content/StarterContent/Props/Materials/M_Frame.uasset" 549
"../../../../../../langlang/coding/unreal/unrealprojects/parkourAsses/Content/StarterContent/Props/SM_CornerFrame.uasset" 550
"../../../../../../langlang/coding/unreal/unrealprojects/parkourAsses/Content/StarterContent/Props/SM_DoorFrame.uasset" 551
"../../../../../../langlang/coding/unreal/unrealprojects/parkourAsses/Content/StarterContent/Props/SM_GlassWindow.uasset" 552
"../../../../../../langlang/coding/unreal/unrealprojects/parkourAsses/Content/StarterContent/Props/SM_PillarFrame.uasset" 553
"../../../../../../langlang/coding/unreal/unrealprojects/parkourAsses/Content/StarterContent/Props/SM_PillarFrame300.uasset" 554
"../../../../../../langlang/coding/unreal/unrealprojects/parkourAsses/Content/StarterContent/Textures/T_Statue_M.uasset" 555
"../../../../../../langlang/coding/unreal/unrealprojects/parkourAsses/Content/StarterContent/Textures/T_Statue_N.uasset" 556
"../../../../../../langlang/coding/unreal/unrealprojects/parkourAsses/Content/StarterContent/Props/Materials/M_Statue.uasset" 557
"../../../../../../langlang/coding/unreal/unrealprojects/parkourAsses/Content/StarterContent/Props/Materials/M_StatueGlass.uasset" 558
"../../../../../../langlang/coding/unreal/unrealprojects/parkourAsses/Content/StarterContent/Props/SM_Statue.uasset" 559
"../../../../../../langlang/coding/unreal/unrealprojects/parkourAsses/Content/StarterContent/Textures/T_TableRound_M.uasset" 560
"../../../../../../langlang/coding/unreal/unrealprojects/parkourAsses/Content/StarterContent/Textures/T_TableRound_N.uasset" 561
"../../../../../../langlang/coding/unreal/unrealprojects/parkourAsses/Content/StarterContent/Props/Materials/M_TableRound.uasset" 562
"../../../../../../langlang/coding/unreal/unrealprojects/parkourAsses/Content/StarterContent/Props/SM_TableRound.uasset" 563
"../../../../../../langlang/coding/unreal/unrealprojects/parkourAsses/Content/StarterContent/Props/SM_WindowFrame.uasset" 564
"../../../../../../langlang/coding/unreal/unrealprojects/parkourAsses/Content/StarterContent/Shapes/Shape_Cube.uasset" 565
"../../../../../../langlang/coding/unreal/unrealprojects/parkourAsses/Content/StarterContent/Shapes/Shape_QuadPyramid.uasset" 566
"../../../../../../langlang/coding/unreal/unrealprojects/parkourAsses/Content/StarterContent/Shapes/Shape_Sphere.uasset" 567
"../../../../../../langlang/coding/unreal/unrealprojects/parkourAsses/Content/StarterContent/Maps/StarterMap.umap" 568
"../../../../../../langlang/coding/unreal/unrealprojects/parkourAsses/Content/StarterContent/Maps/Minimal_Default_BuiltData.uasset" 569
"../../../../../../langlang/coding/unreal/unrealprojects/parkourAsses/Content/StarterContent/Maps/Minimal_Default.umap" 570
"../../../Engine/Content/Maps/Entry_BuiltData.uasset" 571
"../../../Engine/Content/Maps/Entry.umap" 572
